[2024-11-13 00:53:18] local.ERROR: SQLSTATE[HY000] [2002] No connection could be made because the target machine actively refused it (Connection: mysql, SQL: select * from `sessions` where `id` = t7TeU6sibKelr1bLnKTMfiRN9gi7QLCQR4cCUQmp limit 1) {"exception":"[object] (Illuminate\\Database\\QueryException(code: 2002): SQLSTATE[HY000] [2002] No connection could be made because the target machine actively refused it (Connection: mysql, SQL: select * from `sessions` where `id` = t7TeU6sibKelr1bLnKTMfiRN9gi7QLCQR4cCUQmp limit 1) at D:\\Proyek SMA 1\\pabwe-pkm-proyek-2024-k1\\MainPage\\vendor\\laravel\\framework\\src\\Illuminate\\Database\\Connection.php:825)
[stacktrace]
#0 D:\\Proyek SMA 1\\pabwe-pkm-proyek-2024-k1\\MainPage\\vendor\\laravel\\framework\\src\\Illuminate\\Database\\Connection.php(979): Illuminate\\Database\\Connection->runQueryCallback()
#1 D:\\Proyek SMA 1\\pabwe-pkm-proyek-2024-k1\\MainPage\\vendor\\laravel\\framework\\src\\Illuminate\\Database\\Connection.php(958): Illuminate\\Database\\Connection->tryAgainIfCausedByLostConnection()
#2 D:\\Proyek SMA 1\\pabwe-pkm-proyek-2024-k1\\MainPage\\vendor\\laravel\\framework\\src\\Illuminate\\Database\\Connection.php(781): Illuminate\\Database\\Connection->handleQueryException()
#3 D:\\Proyek SMA 1\\pabwe-pkm-proyek-2024-k1\\MainPage\\vendor\\laravel\\framework\\src\\Illuminate\\Database\\Connection.php(398): Illuminate\\Database\\Connection->run()
#4 D:\\Proyek SMA 1\\pabwe-pkm-proyek-2024-k1\\MainPage\\vendor\\laravel\\framework\\src\\Illuminate\\Database\\Query\\Builder.php(3132): Illuminate\\Database\\Connection->select()
#5 D:\\Proyek SMA 1\\pabwe-pkm-proyek-2024-k1\\MainPage\\vendor\\laravel\\framework\\src\\Illuminate\\Database\\Query\\Builder.php(3117): Illuminate\\Database\\Query\\Builder->runSelect()
#6 D:\\Proyek SMA 1\\pabwe-pkm-proyek-2024-k1\\MainPage\\vendor\\laravel\\framework\\src\\Illuminate\\Database\\Query\\Builder.php(3705): Illuminate\\Database\\Query\\Builder->Illuminate\\Database\\Query\\{closure}()
#7 D:\\Proyek SMA 1\\pabwe-pkm-proyek-2024-k1\\MainPage\\vendor\\laravel\\framework\\src\\Illuminate\\Database\\Query\\Builder.php(3116): Illuminate\\Database\\Query\\Builder->onceWithColumns()
#8 D:\\Proyek SMA 1\\pabwe-pkm-proyek-2024-k1\\MainPage\\vendor\\laravel\\framework\\src\\Illuminate\\Database\\Concerns\\BuildsQueries.php(344): Illuminate\\Database\\Query\\Builder->get()
#9 D:\\Proyek SMA 1\\pabwe-pkm-proyek-2024-k1\\MainPage\\vendor\\laravel\\framework\\src\\Illuminate\\Database\\Query\\Builder.php(3037): Illuminate\\Database\\Query\\Builder->first()
#10 D:\\Proyek SMA 1\\pabwe-pkm-proyek-2024-k1\\MainPage\\vendor\\laravel\\framework\\src\\Illuminate\\Session\\DatabaseSessionHandler.php(97): Illuminate\\Database\\Query\\Builder->find()
#11 D:\\Proyek SMA 1\\pabwe-pkm-proyek-2024-k1\\MainPage\\vendor\\laravel\\framework\\src\\Illuminate\\Session\\Store.php(113): Illuminate\\Session\\DatabaseSessionHandler->read()
#12 D:\\Proyek SMA 1\\pabwe-pkm-proyek-2024-k1\\MainPage\\vendor\\laravel\\framework\\src\\Illuminate\\Session\\Store.php(101): Illuminate\\Session\\Store->readFromHandler()
#13 D:\\Proyek SMA 1\\pabwe-pkm-proyek-2024-k1\\MainPage\\vendor\\laravel\\framework\\src\\Illuminate\\Session\\Store.php(85): Illuminate\\Session\\Store->loadSession()
#14 D:\\Proyek SMA 1\\pabwe-pkm-proyek-2024-k1\\MainPage\\vendor\\laravel\\framework\\src\\Illuminate\\Session\\Middleware\\StartSession.php(147): Illuminate\\Session\\Store->start()
#15 D:\\Proyek SMA 1\\pabwe-pkm-proyek-2024-k1\\MainPage\\vendor\\laravel\\framework\\src\\Illuminate\\Support\\helpers.php(380): Illuminate\\Session\\Middleware\\StartSession->Illuminate\\Session\\Middleware\\{closure}()
#16 D:\\Proyek SMA 1\\pabwe-pkm-proyek-2024-k1\\MainPage\\vendor\\laravel\\framework\\src\\Illuminate\\Session\\Middleware\\StartSession.php(144): tap()
#17 D:\\Proyek SMA 1\\pabwe-pkm-proyek-2024-k1\\MainPage\\vendor\\laravel\\framework\\src\\Illuminate\\Session\\Middleware\\StartSession.php(116): Illuminate\\Session\\Middleware\\StartSession->startSession()
#18 D:\\Proyek SMA 1\\pabwe-pkm-proyek-2024-k1\\MainPage\\vendor\\laravel\\framework\\src\\Illuminate\\Session\\Middleware\\StartSession.php(64): Illuminate\\Session\\Middleware\\StartSession->handleStatefulRequest()
#19 D:\\Proyek SMA 1\\pabwe-pkm-proyek-2024-k1\\MainPage\\vendor\\laravel\\framework\\src\\Illuminate\\Pipeline\\Pipeline.php(183): Illuminate\\Session\\Middleware\\StartSession->handle()
#20 D:\\Proyek SMA 1\\pabwe-pkm-proyek-2024-k1\\MainPage\\vendor\\laravel\\framework\\src\\Illuminate\\Cookie\\Middleware\\AddQueuedCookiesToResponse.php(37): Illuminate\\Pipeline\\Pipeline->Illuminate\\Pipeline\\{closure}()
#21 D:\\Proyek SMA 1\\pabwe-pkm-proyek-2024-k1\\MainPage\\vendor\\laravel\\framework\\src\\Illuminate\\Pipeline\\Pipeline.php(183): Illuminate\\Cookie\\Middleware\\AddQueuedCookiesToResponse->handle()
#22 D:\\Proyek SMA 1\\pabwe-pkm-proyek-2024-k1\\MainPage\\vendor\\laravel\\framework\\src\\Illuminate\\Cookie\\Middleware\\EncryptCookies.php(75): Illuminate\\Pipeline\\Pipeline->Illuminate\\Pipeline\\{closure}()
#23 D:\\Proyek SMA 1\\pabwe-pkm-proyek-2024-k1\\MainPage\\vendor\\laravel\\framework\\src\\Illuminate\\Pipeline\\Pipeline.php(183): Illuminate\\Cookie\\Middleware\\EncryptCookies->handle()
#24 D:\\Proyek SMA 1\\pabwe-pkm-proyek-2024-k1\\MainPage\\vendor\\laravel\\framework\\src\\Illuminate\\Pipeline\\Pipeline.php(119): Illuminate\\Pipeline\\Pipeline->Illuminate\\Pipeline\\{closure}()
#25 D:\\Proyek SMA 1\\pabwe-pkm-proyek-2024-k1\\MainPage\\vendor\\laravel\\framework\\src\\Illuminate\\Routing\\Router.php(807): Illuminate\\Pipeline\\Pipeline->then()
#26 D:\\Proyek SMA 1\\pabwe-pkm-proyek-2024-k1\\MainPage\\vendor\\laravel\\framework\\src\\Illuminate\\Routing\\Router.php(786): Illuminate\\Routing\\Router->runRouteWithinStack()
#27 D:\\Proyek SMA 1\\pabwe-pkm-proyek-2024-k1\\MainPage\\vendor\\laravel\\framework\\src\\Illuminate\\Routing\\Router.php(750): Illuminate\\Routing\\Router->runRoute()
#28 D:\\Proyek SMA 1\\pabwe-pkm-proyek-2024-k1\\MainPage\\vendor\\laravel\\framework\\src\\Illuminate\\Routing\\Router.php(739): Illuminate\\Routing\\Router->dispatchToRoute()
#29 D:\\Proyek SMA 1\\pabwe-pkm-proyek-2024-k1\\MainPage\\vendor\\laravel\\framework\\src\\Illuminate\\Foundation\\Http\\Kernel.php(201): Illuminate\\Routing\\Router->dispatch()
#30 D:\\Proyek SMA 1\\pabwe-pkm-proyek-2024-k1\\MainPage\\vendor\\laravel\\framework\\src\\Illuminate\\Pipeline\\Pipeline.php(144): Illuminate\\Foundation\\Http\\Kernel->Illuminate\\Foundation\\Http\\{closure}()
#31 D:\\Proyek SMA 1\\pabwe-pkm-proyek-2024-k1\\MainPage\\vendor\\laravel\\framework\\src\\Illuminate\\Foundation\\Http\\Middleware\\TransformsRequest.php(21): Illuminate\\Pipeline\\Pipeline->Illuminate\\Pipeline\\{closure}()
#32 D:\\Proyek SMA 1\\pabwe-pkm-proyek-2024-k1\\MainPage\\vendor\\laravel\\framework\\src\\Illuminate\\Foundation\\Http\\Middleware\\ConvertEmptyStringsToNull.php(31): Illuminate\\Foundation\\Http\\Middleware\\TransformsRequest->handle()
#33 D:\\Proyek SMA 1\\pabwe-pkm-proyek-2024-k1\\MainPage\\vendor\\laravel\\framework\\src\\Illuminate\\Pipeline\\Pipeline.php(183): Illuminate\\Foundation\\Http\\Middleware\\ConvertEmptyStringsToNull->handle()
#34 D:\\Proyek SMA 1\\pabwe-pkm-proyek-2024-k1\\MainPage\\vendor\\laravel\\framework\\src\\Illuminate\\Foundation\\Http\\Middleware\\TransformsRequest.php(21): Illuminate\\Pipeline\\Pipeline->Illuminate\\Pipeline\\{closure}()
#35 D:\\Proyek SMA 1\\pabwe-pkm-proyek-2024-k1\\MainPage\\vendor\\laravel\\framework\\src\\Illuminate\\Foundation\\Http\\Middleware\\TrimStrings.php(51): Illuminate\\Foundation\\Http\\Middleware\\TransformsRequest->handle()
#36 D:\\Proyek SMA 1\\pabwe-pkm-proyek-2024-k1\\MainPage\\vendor\\laravel\\framework\\src\\Illuminate\\Pipeline\\Pipeline.php(183): Illuminate\\Foundation\\Http\\Middleware\\TrimStrings->handle()
#37 D:\\Proyek SMA 1\\pabwe-pkm-proyek-2024-k1\\MainPage\\vendor\\laravel\\framework\\src\\Illuminate\\Http\\Middleware\\ValidatePostSize.php(27): Illuminate\\Pipeline\\Pipeline->Illuminate\\Pipeline\\{closure}()
#38 D:\\Proyek SMA 1\\pabwe-pkm-proyek-2024-k1\\MainPage\\vendor\\laravel\\framework\\src\\Illuminate\\Pipeline\\Pipeline.php(183): Illuminate\\Http\\Middleware\\ValidatePostSize->handle()
#39 D:\\Proyek SMA 1\\pabwe-pkm-proyek-2024-k1\\MainPage\\vendor\\laravel\\framework\\src\\Illuminate\\Foundation\\Http\\Middleware\\PreventRequestsDuringMaintenance.php(110): Illuminate\\Pipeline\\Pipeline->Illuminate\\Pipeline\\{closure}()
#40 D:\\Proyek SMA 1\\pabwe-pkm-proyek-2024-k1\\MainPage\\vendor\\laravel\\framework\\src\\Illuminate\\Pipeline\\Pipeline.php(183): Illuminate\\Foundation\\Http\\Middleware\\PreventRequestsDuringMaintenance->handle()
#41 D:\\Proyek SMA 1\\pabwe-pkm-proyek-2024-k1\\MainPage\\vendor\\laravel\\framework\\src\\Illuminate\\Http\\Middleware\\HandleCors.php(49): Illuminate\\Pipeline\\Pipeline->Illuminate\\Pipeline\\{closure}()
#42 D:\\Proyek SMA 1\\pabwe-pkm-proyek-2024-k1\\MainPage\\vendor\\laravel\\framework\\src\\Illuminate\\Pipeline\\Pipeline.php(183): Illuminate\\Http\\Middleware\\HandleCors->handle()
#43 D:\\Proyek SMA 1\\pabwe-pkm-proyek-2024-k1\\MainPage\\vendor\\laravel\\framework\\src\\Illuminate\\Http\\Middleware\\TrustProxies.php(58): Illuminate\\Pipeline\\Pipeline->Illuminate\\Pipeline\\{closure}()
#44 D:\\Proyek SMA 1\\pabwe-pkm-proyek-2024-k1\\MainPage\\vendor\\laravel\\framework\\src\\Illuminate\\Pipeline\\Pipeline.php(183): Illuminate\\Http\\Middleware\\TrustProxies->handle()
#45 D:\\Proyek SMA 1\\pabwe-pkm-proyek-2024-k1\\MainPage\\vendor\\laravel\\framework\\src\\Illuminate\\Foundation\\Http\\Middleware\\InvokeDeferredCallbacks.php(22): Illuminate\\Pipeline\\Pipeline->Illuminate\\Pipeline\\{closure}()
#46 D:\\Proyek SMA 1\\pabwe-pkm-proyek-2024-k1\\MainPage\\vendor\\laravel\\framework\\src\\Illuminate\\Pipeline\\Pipeline.php(183): Illuminate\\Foundation\\Http\\Middleware\\InvokeDeferredCallbacks->handle()
#47 D:\\Proyek SMA 1\\pabwe-pkm-proyek-2024-k1\\MainPage\\vendor\\laravel\\framework\\src\\Illuminate\\Pipeline\\Pipeline.php(119): Illuminate\\Pipeline\\Pipeline->Illuminate\\Pipeline\\{closure}()
#48 D:\\Proyek SMA 1\\pabwe-pkm-proyek-2024-k1\\MainPage\\vendor\\laravel\\framework\\src\\Illuminate\\Foundation\\Http\\Kernel.php(176): Illuminate\\Pipeline\\Pipeline->then()
#49 D:\\Proyek SMA 1\\pabwe-pkm-proyek-2024-k1\\MainPage\\vendor\\laravel\\framework\\src\\Illuminate\\Foundation\\Http\\Kernel.php(145): Illuminate\\Foundation\\Http\\Kernel->sendRequestThroughRouter()
#50 D:\\Proyek SMA 1\\pabwe-pkm-proyek-2024-k1\\MainPage\\vendor\\laravel\\framework\\src\\Illuminate\\Foundation\\Application.php(1188): Illuminate\\Foundation\\Http\\Kernel->handle()
#51 D:\\Proyek SMA 1\\pabwe-pkm-proyek-2024-k1\\MainPage\\public\\index.php(17): Illuminate\\Foundation\\Application->handleRequest()
#52 D:\\Proyek SMA 1\\pabwe-pkm-proyek-2024-k1\\MainPage\\vendor\\laravel\\framework\\src\\Illuminate\\Foundation\\resources\\server.php(23): require_once('...')
#53 {main}

[previous exception] [object] (PDOException(code: 2002): SQLSTATE[HY000] [2002] No connection could be made because the target machine actively refused it at D:\\Proyek SMA 1\\pabwe-pkm-proyek-2024-k1\\MainPage\\vendor\\laravel\\framework\\src\\Illuminate\\Database\\Connectors\\Connector.php:66)
[stacktrace]
#0 D:\\Proyek SMA 1\\pabwe-pkm-proyek-2024-k1\\MainPage\\vendor\\laravel\\framework\\src\\Illuminate\\Database\\Connectors\\Connector.php(66): PDO->__construct()
#1 D:\\Proyek SMA 1\\pabwe-pkm-proyek-2024-k1\\MainPage\\vendor\\laravel\\framework\\src\\Illuminate\\Database\\Connectors\\Connector.php(85): Illuminate\\Database\\Connectors\\Connector->createPdoConnection()
#2 D:\\Proyek SMA 1\\pabwe-pkm-proyek-2024-k1\\MainPage\\vendor\\laravel\\framework\\src\\Illuminate\\Database\\Connectors\\Connector.php(48): Illuminate\\Database\\Connectors\\Connector->tryAgainIfCausedByLostConnection()
#3 D:\\Proyek SMA 1\\pabwe-pkm-proyek-2024-k1\\MainPage\\vendor\\laravel\\framework\\src\\Illuminate\\Database\\Connectors\\MySqlConnector.php(24): Illuminate\\Database\\Connectors\\Connector->createConnection()
#4 D:\\Proyek SMA 1\\pabwe-pkm-proyek-2024-k1\\MainPage\\vendor\\laravel\\framework\\src\\Illuminate\\Database\\Connectors\\ConnectionFactory.php(185): Illuminate\\Database\\Connectors\\MySqlConnector->connect()
#5 [internal function]: Illuminate\\Database\\Connectors\\ConnectionFactory->Illuminate\\Database\\Connectors\\{closure}()
#6 D:\\Proyek SMA 1\\pabwe-pkm-proyek-2024-k1\\MainPage\\vendor\\laravel\\framework\\src\\Illuminate\\Database\\Connection.php(1231): call_user_func()
#7 D:\\Proyek SMA 1\\pabwe-pkm-proyek-2024-k1\\MainPage\\vendor\\laravel\\framework\\src\\Illuminate\\Database\\Connection.php(1267): Illuminate\\Database\\Connection->getPdo()
#8 D:\\Proyek SMA 1\\pabwe-pkm-proyek-2024-k1\\MainPage\\vendor\\laravel\\framework\\src\\Illuminate\\Database\\Connection.php(512): Illuminate\\Database\\Connection->getReadPdo()
#9 D:\\Proyek SMA 1\\pabwe-pkm-proyek-2024-k1\\MainPage\\vendor\\laravel\\framework\\src\\Illuminate\\Database\\Connection.php(407): Illuminate\\Database\\Connection->getPdoForSelect()
#10 D:\\Proyek SMA 1\\pabwe-pkm-proyek-2024-k1\\MainPage\\vendor\\laravel\\framework\\src\\Illuminate\\Database\\Connection.php(812): Illuminate\\Database\\Connection->Illuminate\\Database\\{closure}()
#11 D:\\Proyek SMA 1\\pabwe-pkm-proyek-2024-k1\\MainPage\\vendor\\laravel\\framework\\src\\Illuminate\\Database\\Connection.php(979): Illuminate\\Database\\Connection->runQueryCallback()
#12 D:\\Proyek SMA 1\\pabwe-pkm-proyek-2024-k1\\MainPage\\vendor\\laravel\\framework\\src\\Illuminate\\Database\\Connection.php(958): Illuminate\\Database\\Connection->tryAgainIfCausedByLostConnection()
#13 D:\\Proyek SMA 1\\pabwe-pkm-proyek-2024-k1\\MainPage\\vendor\\laravel\\framework\\src\\Illuminate\\Database\\Connection.php(781): Illuminate\\Database\\Connection->handleQueryException()
#14 D:\\Proyek SMA 1\\pabwe-pkm-proyek-2024-k1\\MainPage\\vendor\\laravel\\framework\\src\\Illuminate\\Database\\Connection.php(398): Illuminate\\Database\\Connection->run()
#15 D:\\Proyek SMA 1\\pabwe-pkm-proyek-2024-k1\\MainPage\\vendor\\laravel\\framework\\src\\Illuminate\\Database\\Query\\Builder.php(3132): Illuminate\\Database\\Connection->select()
#16 D:\\Proyek SMA 1\\pabwe-pkm-proyek-2024-k1\\MainPage\\vendor\\laravel\\framework\\src\\Illuminate\\Database\\Query\\Builder.php(3117): Illuminate\\Database\\Query\\Builder->runSelect()
#17 D:\\Proyek SMA 1\\pabwe-pkm-proyek-2024-k1\\MainPage\\vendor\\laravel\\framework\\src\\Illuminate\\Database\\Query\\Builder.php(3705): Illuminate\\Database\\Query\\Builder->Illuminate\\Database\\Query\\{closure}()
#18 D:\\Proyek SMA 1\\pabwe-pkm-proyek-2024-k1\\MainPage\\vendor\\laravel\\framework\\src\\Illuminate\\Database\\Query\\Builder.php(3116): Illuminate\\Database\\Query\\Builder->onceWithColumns()
#19 D:\\Proyek SMA 1\\pabwe-pkm-proyek-2024-k1\\MainPage\\vendor\\laravel\\framework\\src\\Illuminate\\Database\\Concerns\\BuildsQueries.php(344): Illuminate\\Database\\Query\\Builder->get()
#20 D:\\Proyek SMA 1\\pabwe-pkm-proyek-2024-k1\\MainPage\\vendor\\laravel\\framework\\src\\Illuminate\\Database\\Query\\Builder.php(3037): Illuminate\\Database\\Query\\Builder->first()
#21 D:\\Proyek SMA 1\\pabwe-pkm-proyek-2024-k1\\MainPage\\vendor\\laravel\\framework\\src\\Illuminate\\Session\\DatabaseSessionHandler.php(97): Illuminate\\Database\\Query\\Builder->find()
#22 D:\\Proyek SMA 1\\pabwe-pkm-proyek-2024-k1\\MainPage\\vendor\\laravel\\framework\\src\\Illuminate\\Session\\Store.php(113): Illuminate\\Session\\DatabaseSessionHandler->read()
#23 D:\\Proyek SMA 1\\pabwe-pkm-proyek-2024-k1\\MainPage\\vendor\\laravel\\framework\\src\\Illuminate\\Session\\Store.php(101): Illuminate\\Session\\Store->readFromHandler()
#24 D:\\Proyek SMA 1\\pabwe-pkm-proyek-2024-k1\\MainPage\\vendor\\laravel\\framework\\src\\Illuminate\\Session\\Store.php(85): Illuminate\\Session\\Store->loadSession()
#25 D:\\Proyek SMA 1\\pabwe-pkm-proyek-2024-k1\\MainPage\\vendor\\laravel\\framework\\src\\Illuminate\\Session\\Middleware\\StartSession.php(147): Illuminate\\Session\\Store->start()
#26 D:\\Proyek SMA 1\\pabwe-pkm-proyek-2024-k1\\MainPage\\vendor\\laravel\\framework\\src\\Illuminate\\Support\\helpers.php(380): Illuminate\\Session\\Middleware\\StartSession->Illuminate\\Session\\Middleware\\{closure}()
#27 D:\\Proyek SMA 1\\pabwe-pkm-proyek-2024-k1\\MainPage\\vendor\\laravel\\framework\\src\\Illuminate\\Session\\Middleware\\StartSession.php(144): tap()
#28 D:\\Proyek SMA 1\\pabwe-pkm-proyek-2024-k1\\MainPage\\vendor\\laravel\\framework\\src\\Illuminate\\Session\\Middleware\\StartSession.php(116): Illuminate\\Session\\Middleware\\StartSession->startSession()
#29 D:\\Proyek SMA 1\\pabwe-pkm-proyek-2024-k1\\MainPage\\vendor\\laravel\\framework\\src\\Illuminate\\Session\\Middleware\\StartSession.php(64): Illuminate\\Session\\Middleware\\StartSession->handleStatefulRequest()
#30 D:\\Proyek SMA 1\\pabwe-pkm-proyek-2024-k1\\MainPage\\vendor\\laravel\\framework\\src\\Illuminate\\Pipeline\\Pipeline.php(183): Illuminate\\Session\\Middleware\\StartSession->handle()
#31 D:\\Proyek SMA 1\\pabwe-pkm-proyek-2024-k1\\MainPage\\vendor\\laravel\\framework\\src\\Illuminate\\Cookie\\Middleware\\AddQueuedCookiesToResponse.php(37): Illuminate\\Pipeline\\Pipeline->Illuminate\\Pipeline\\{closure}()
#32 D:\\Proyek SMA 1\\pabwe-pkm-proyek-2024-k1\\MainPage\\vendor\\laravel\\framework\\src\\Illuminate\\Pipeline\\Pipeline.php(183): Illuminate\\Cookie\\Middleware\\AddQueuedCookiesToResponse->handle()
#33 D:\\Proyek SMA 1\\pabwe-pkm-proyek-2024-k1\\MainPage\\vendor\\laravel\\framework\\src\\Illuminate\\Cookie\\Middleware\\EncryptCookies.php(75): Illuminate\\Pipeline\\Pipeline->Illuminate\\Pipeline\\{closure}()
#34 D:\\Proyek SMA 1\\pabwe-pkm-proyek-2024-k1\\MainPage\\vendor\\laravel\\framework\\src\\Illuminate\\Pipeline\\Pipeline.php(183): Illuminate\\Cookie\\Middleware\\EncryptCookies->handle()
#35 D:\\Proyek SMA 1\\pabwe-pkm-proyek-2024-k1\\MainPage\\vendor\\laravel\\framework\\src\\Illuminate\\Pipeline\\Pipeline.php(119): Illuminate\\Pipeline\\Pipeline->Illuminate\\Pipeline\\{closure}()
#36 D:\\Proyek SMA 1\\pabwe-pkm-proyek-2024-k1\\MainPage\\vendor\\laravel\\framework\\src\\Illuminate\\Routing\\Router.php(807): Illuminate\\Pipeline\\Pipeline->then()
#37 D:\\Proyek SMA 1\\pabwe-pkm-proyek-2024-k1\\MainPage\\vendor\\laravel\\framework\\src\\Illuminate\\Routing\\Router.php(786): Illuminate\\Routing\\Router->runRouteWithinStack()
#38 D:\\Proyek SMA 1\\pabwe-pkm-proyek-2024-k1\\MainPage\\vendor\\laravel\\framework\\src\\Illuminate\\Routing\\Router.php(750): Illuminate\\Routing\\Router->runRoute()
#39 D:\\Proyek SMA 1\\pabwe-pkm-proyek-2024-k1\\MainPage\\vendor\\laravel\\framework\\src\\Illuminate\\Routing\\Router.php(739): Illuminate\\Routing\\Router->dispatchToRoute()
#40 D:\\Proyek SMA 1\\pabwe-pkm-proyek-2024-k1\\MainPage\\vendor\\laravel\\framework\\src\\Illuminate\\Foundation\\Http\\Kernel.php(201): Illuminate\\Routing\\Router->dispatch()
#41 D:\\Proyek SMA 1\\pabwe-pkm-proyek-2024-k1\\MainPage\\vendor\\laravel\\framework\\src\\Illuminate\\Pipeline\\Pipeline.php(144): Illuminate\\Foundation\\Http\\Kernel->Illuminate\\Foundation\\Http\\{closure}()
#42 D:\\Proyek SMA 1\\pabwe-pkm-proyek-2024-k1\\MainPage\\vendor\\laravel\\framework\\src\\Illuminate\\Foundation\\Http\\Middleware\\TransformsRequest.php(21): Illuminate\\Pipeline\\Pipeline->Illuminate\\Pipeline\\{closure}()
#43 D:\\Proyek SMA 1\\pabwe-pkm-proyek-2024-k1\\MainPage\\vendor\\laravel\\framework\\src\\Illuminate\\Foundation\\Http\\Middleware\\ConvertEmptyStringsToNull.php(31): Illuminate\\Foundation\\Http\\Middleware\\TransformsRequest->handle()
#44 D:\\Proyek SMA 1\\pabwe-pkm-proyek-2024-k1\\MainPage\\vendor\\laravel\\framework\\src\\Illuminate\\Pipeline\\Pipeline.php(183): Illuminate\\Foundation\\Http\\Middleware\\ConvertEmptyStringsToNull->handle()
#45 D:\\Proyek SMA 1\\pabwe-pkm-proyek-2024-k1\\MainPage\\vendor\\laravel\\framework\\src\\Illuminate\\Foundation\\Http\\Middleware\\TransformsRequest.php(21): Illuminate\\Pipeline\\Pipeline->Illuminate\\Pipeline\\{closure}()
#46 D:\\Proyek SMA 1\\pabwe-pkm-proyek-2024-k1\\MainPage\\vendor\\laravel\\framework\\src\\Illuminate\\Foundation\\Http\\Middleware\\TrimStrings.php(51): Illuminate\\Foundation\\Http\\Middleware\\TransformsRequest->handle()
#47 D:\\Proyek SMA 1\\pabwe-pkm-proyek-2024-k1\\MainPage\\vendor\\laravel\\framework\\src\\Illuminate\\Pipeline\\Pipeline.php(183): Illuminate\\Foundation\\Http\\Middleware\\TrimStrings->handle()
#48 D:\\Proyek SMA 1\\pabwe-pkm-proyek-2024-k1\\MainPage\\vendor\\laravel\\framework\\src\\Illuminate\\Http\\Middleware\\ValidatePostSize.php(27): Illuminate\\Pipeline\\Pipeline->Illuminate\\Pipeline\\{closure}()
#49 D:\\Proyek SMA 1\\pabwe-pkm-proyek-2024-k1\\MainPage\\vendor\\laravel\\framework\\src\\Illuminate\\Pipeline\\Pipeline.php(183): Illuminate\\Http\\Middleware\\ValidatePostSize->handle()
#50 D:\\Proyek SMA 1\\pabwe-pkm-proyek-2024-k1\\MainPage\\vendor\\laravel\\framework\\src\\Illuminate\\Foundation\\Http\\Middleware\\PreventRequestsDuringMaintenance.php(110): Illuminate\\Pipeline\\Pipeline->Illuminate\\Pipeline\\{closure}()
#51 D:\\Proyek SMA 1\\pabwe-pkm-proyek-2024-k1\\MainPage\\vendor\\laravel\\framework\\src\\Illuminate\\Pipeline\\Pipeline.php(183): Illuminate\\Foundation\\Http\\Middleware\\PreventRequestsDuringMaintenance->handle()
#52 D:\\Proyek SMA 1\\pabwe-pkm-proyek-2024-k1\\MainPage\\vendor\\laravel\\framework\\src\\Illuminate\\Http\\Middleware\\HandleCors.php(49): Illuminate\\Pipeline\\Pipeline->Illuminate\\Pipeline\\{closure}()
#53 D:\\Proyek SMA 1\\pabwe-pkm-proyek-2024-k1\\MainPage\\vendor\\laravel\\framework\\src\\Illuminate\\Pipeline\\Pipeline.php(183): Illuminate\\Http\\Middleware\\HandleCors->handle()
#54 D:\\Proyek SMA 1\\pabwe-pkm-proyek-2024-k1\\MainPage\\vendor\\laravel\\framework\\src\\Illuminate\\Http\\Middleware\\TrustProxies.php(58): Illuminate\\Pipeline\\Pipeline->Illuminate\\Pipeline\\{closure}()
#55 D:\\Proyek SMA 1\\pabwe-pkm-proyek-2024-k1\\MainPage\\vendor\\laravel\\framework\\src\\Illuminate\\Pipeline\\Pipeline.php(183): Illuminate\\Http\\Middleware\\TrustProxies->handle()
#56 D:\\Proyek SMA 1\\pabwe-pkm-proyek-2024-k1\\MainPage\\vendor\\laravel\\framework\\src\\Illuminate\\Foundation\\Http\\Middleware\\InvokeDeferredCallbacks.php(22): Illuminate\\Pipeline\\Pipeline->Illuminate\\Pipeline\\{closure}()
#57 D:\\Proyek SMA 1\\pabwe-pkm-proyek-2024-k1\\MainPage\\vendor\\laravel\\framework\\src\\Illuminate\\Pipeline\\Pipeline.php(183): Illuminate\\Foundation\\Http\\Middleware\\InvokeDeferredCallbacks->handle()
#58 D:\\Proyek SMA 1\\pabwe-pkm-proyek-2024-k1\\MainPage\\vendor\\laravel\\framework\\src\\Illuminate\\Pipeline\\Pipeline.php(119): Illuminate\\Pipeline\\Pipeline->Illuminate\\Pipeline\\{closure}()
#59 D:\\Proyek SMA 1\\pabwe-pkm-proyek-2024-k1\\MainPage\\vendor\\laravel\\framework\\src\\Illuminate\\Foundation\\Http\\Kernel.php(176): Illuminate\\Pipeline\\Pipeline->then()
#60 D:\\Proyek SMA 1\\pabwe-pkm-proyek-2024-k1\\MainPage\\vendor\\laravel\\framework\\src\\Illuminate\\Foundation\\Http\\Kernel.php(145): Illuminate\\Foundation\\Http\\Kernel->sendRequestThroughRouter()
#61 D:\\Proyek SMA 1\\pabwe-pkm-proyek-2024-k1\\MainPage\\vendor\\laravel\\framework\\src\\Illuminate\\Foundation\\Application.php(1188): Illuminate\\Foundation\\Http\\Kernel->handle()
#62 D:\\Proyek SMA 1\\pabwe-pkm-proyek-2024-k1\\MainPage\\public\\index.php(17): Illuminate\\Foundation\\Application->handleRequest()
#63 D:\\Proyek SMA 1\\pabwe-pkm-proyek-2024-k1\\MainPage\\vendor\\laravel\\framework\\src\\Illuminate\\Foundation\\resources\\server.php(23): require_once('...')
#64 {main}
"} 
[2024-11-14 03:49:27] local.ERROR: Method App\Http\Controllers\PlatformKamiController::sis does not exist. {"exception":"[object] (BadMethodCallException(code: 0): Method App\\Http\\Controllers\\PlatformKamiController::sis does not exist. at D:\\Proyek SMA 1\\pabwe-pkm-proyek-2024-k1\\MainPage\\vendor\\laravel\\framework\\src\\Illuminate\\Routing\\Controller.php:68)
[stacktrace]
#0 D:\\Proyek SMA 1\\pabwe-pkm-proyek-2024-k1\\MainPage\\vendor\\laravel\\framework\\src\\Illuminate\\Routing\\Controller.php(54): Illuminate\\Routing\\Controller->__call()
#1 D:\\Proyek SMA 1\\pabwe-pkm-proyek-2024-k1\\MainPage\\vendor\\laravel\\framework\\src\\Illuminate\\Routing\\ControllerDispatcher.php(43): Illuminate\\Routing\\Controller->callAction()
#2 D:\\Proyek SMA 1\\pabwe-pkm-proyek-2024-k1\\MainPage\\vendor\\laravel\\framework\\src\\Illuminate\\Routing\\Route.php(264): Illuminate\\Routing\\ControllerDispatcher->dispatch()
#3 D:\\Proyek SMA 1\\pabwe-pkm-proyek-2024-k1\\MainPage\\vendor\\laravel\\framework\\src\\Illuminate\\Routing\\Route.php(210): Illuminate\\Routing\\Route->runController()
#4 D:\\Proyek SMA 1\\pabwe-pkm-proyek-2024-k1\\MainPage\\vendor\\laravel\\framework\\src\\Illuminate\\Routing\\Router.php(808): Illuminate\\Routing\\Route->run()
#5 D:\\Proyek SMA 1\\pabwe-pkm-proyek-2024-k1\\MainPage\\vendor\\laravel\\framework\\src\\Illuminate\\Pipeline\\Pipeline.php(144): Illuminate\\Routing\\Router->Illuminate\\Routing\\{closure}()
#6 D:\\Proyek SMA 1\\pabwe-pkm-proyek-2024-k1\\MainPage\\vendor\\laravel\\framework\\src\\Illuminate\\Routing\\Middleware\\SubstituteBindings.php(51): Illuminate\\Pipeline\\Pipeline->Illuminate\\Pipeline\\{closure}()
#7 D:\\Proyek SMA 1\\pabwe-pkm-proyek-2024-k1\\MainPage\\vendor\\laravel\\framework\\src\\Illuminate\\Pipeline\\Pipeline.php(183): Illuminate\\Routing\\Middleware\\SubstituteBindings->handle()
#8 D:\\Proyek SMA 1\\pabwe-pkm-proyek-2024-k1\\MainPage\\vendor\\laravel\\framework\\src\\Illuminate\\Foundation\\Http\\Middleware\\VerifyCsrfToken.php(88): Illuminate\\Pipeline\\Pipeline->Illuminate\\Pipeline\\{closure}()
#9 D:\\Proyek SMA 1\\pabwe-pkm-proyek-2024-k1\\MainPage\\vendor\\laravel\\framework\\src\\Illuminate\\Pipeline\\Pipeline.php(183): Illuminate\\Foundation\\Http\\Middleware\\VerifyCsrfToken->handle()
#10 D:\\Proyek SMA 1\\pabwe-pkm-proyek-2024-k1\\MainPage\\vendor\\laravel\\framework\\src\\Illuminate\\View\\Middleware\\ShareErrorsFromSession.php(49): Illuminate\\Pipeline\\Pipeline->Illuminate\\Pipeline\\{closure}()
#11 D:\\Proyek SMA 1\\pabwe-pkm-proyek-2024-k1\\MainPage\\vendor\\laravel\\framework\\src\\Illuminate\\Pipeline\\Pipeline.php(183): Illuminate\\View\\Middleware\\ShareErrorsFromSession->handle()
#12 D:\\Proyek SMA 1\\pabwe-pkm-proyek-2024-k1\\MainPage\\vendor\\laravel\\framework\\src\\Illuminate\\Session\\Middleware\\StartSession.php(121): Illuminate\\Pipeline\\Pipeline->Illuminate\\Pipeline\\{closure}()
#13 D:\\Proyek SMA 1\\pabwe-pkm-proyek-2024-k1\\MainPage\\vendor\\laravel\\framework\\src\\Illuminate\\Session\\Middleware\\StartSession.php(64): Illuminate\\Session\\Middleware\\StartSession->handleStatefulRequest()
#14 D:\\Proyek SMA 1\\pabwe-pkm-proyek-2024-k1\\MainPage\\vendor\\laravel\\framework\\src\\Illuminate\\Pipeline\\Pipeline.php(183): Illuminate\\Session\\Middleware\\StartSession->handle()
#15 D:\\Proyek SMA 1\\pabwe-pkm-proyek-2024-k1\\MainPage\\vendor\\laravel\\framework\\src\\Illuminate\\Cookie\\Middleware\\AddQueuedCookiesToResponse.php(37): Illuminate\\Pipeline\\Pipeline->Illuminate\\Pipeline\\{closure}()
#16 D:\\Proyek SMA 1\\pabwe-pkm-proyek-2024-k1\\MainPage\\vendor\\laravel\\framework\\src\\Illuminate\\Pipeline\\Pipeline.php(183): Illuminate\\Cookie\\Middleware\\AddQueuedCookiesToResponse->handle()
#17 D:\\Proyek SMA 1\\pabwe-pkm-proyek-2024-k1\\MainPage\\vendor\\laravel\\framework\\src\\Illuminate\\Cookie\\Middleware\\EncryptCookies.php(75): Illuminate\\Pipeline\\Pipeline->Illuminate\\Pipeline\\{closure}()
#18 D:\\Proyek SMA 1\\pabwe-pkm-proyek-2024-k1\\MainPage\\vendor\\laravel\\framework\\src\\Illuminate\\Pipeline\\Pipeline.php(183): Illuminate\\Cookie\\Middleware\\EncryptCookies->handle()
#19 D:\\Proyek SMA 1\\pabwe-pkm-proyek-2024-k1\\MainPage\\vendor\\laravel\\framework\\src\\Illuminate\\Pipeline\\Pipeline.php(119): Illuminate\\Pipeline\\Pipeline->Illuminate\\Pipeline\\{closure}()
#20 D:\\Proyek SMA 1\\pabwe-pkm-proyek-2024-k1\\MainPage\\vendor\\laravel\\framework\\src\\Illuminate\\Routing\\Router.php(807): Illuminate\\Pipeline\\Pipeline->then()
#21 D:\\Proyek SMA 1\\pabwe-pkm-proyek-2024-k1\\MainPage\\vendor\\laravel\\framework\\src\\Illuminate\\Routing\\Router.php(786): Illuminate\\Routing\\Router->runRouteWithinStack()
#22 D:\\Proyek SMA 1\\pabwe-pkm-proyek-2024-k1\\MainPage\\vendor\\laravel\\framework\\src\\Illuminate\\Routing\\Router.php(750): Illuminate\\Routing\\Router->runRoute()
#23 D:\\Proyek SMA 1\\pabwe-pkm-proyek-2024-k1\\MainPage\\vendor\\laravel\\framework\\src\\Illuminate\\Routing\\Router.php(739): Illuminate\\Routing\\Router->dispatchToRoute()
#24 D:\\Proyek SMA 1\\pabwe-pkm-proyek-2024-k1\\MainPage\\vendor\\laravel\\framework\\src\\Illuminate\\Foundation\\Http\\Kernel.php(201): Illuminate\\Routing\\Router->dispatch()
#25 D:\\Proyek SMA 1\\pabwe-pkm-proyek-2024-k1\\MainPage\\vendor\\laravel\\framework\\src\\Illuminate\\Pipeline\\Pipeline.php(144): Illuminate\\Foundation\\Http\\Kernel->Illuminate\\Foundation\\Http\\{closure}()
#26 D:\\Proyek SMA 1\\pabwe-pkm-proyek-2024-k1\\MainPage\\vendor\\laravel\\framework\\src\\Illuminate\\Foundation\\Http\\Middleware\\TransformsRequest.php(21): Illuminate\\Pipeline\\Pipeline->Illuminate\\Pipeline\\{closure}()
#27 D:\\Proyek SMA 1\\pabwe-pkm-proyek-2024-k1\\MainPage\\vendor\\laravel\\framework\\src\\Illuminate\\Foundation\\Http\\Middleware\\ConvertEmptyStringsToNull.php(31): Illuminate\\Foundation\\Http\\Middleware\\TransformsRequest->handle()
#28 D:\\Proyek SMA 1\\pabwe-pkm-proyek-2024-k1\\MainPage\\vendor\\laravel\\framework\\src\\Illuminate\\Pipeline\\Pipeline.php(183): Illuminate\\Foundation\\Http\\Middleware\\ConvertEmptyStringsToNull->handle()
#29 D:\\Proyek SMA 1\\pabwe-pkm-proyek-2024-k1\\MainPage\\vendor\\laravel\\framework\\src\\Illuminate\\Foundation\\Http\\Middleware\\TransformsRequest.php(21): Illuminate\\Pipeline\\Pipeline->Illuminate\\Pipeline\\{closure}()
#30 D:\\Proyek SMA 1\\pabwe-pkm-proyek-2024-k1\\MainPage\\vendor\\laravel\\framework\\src\\Illuminate\\Foundation\\Http\\Middleware\\TrimStrings.php(51): Illuminate\\Foundation\\Http\\Middleware\\TransformsRequest->handle()
#31 D:\\Proyek SMA 1\\pabwe-pkm-proyek-2024-k1\\MainPage\\vendor\\laravel\\framework\\src\\Illuminate\\Pipeline\\Pipeline.php(183): Illuminate\\Foundation\\Http\\Middleware\\TrimStrings->handle()
#32 D:\\Proyek SMA 1\\pabwe-pkm-proyek-2024-k1\\MainPage\\vendor\\laravel\\framework\\src\\Illuminate\\Http\\Middleware\\ValidatePostSize.php(27): Illuminate\\Pipeline\\Pipeline->Illuminate\\Pipeline\\{closure}()
#33 D:\\Proyek SMA 1\\pabwe-pkm-proyek-2024-k1\\MainPage\\vendor\\laravel\\framework\\src\\Illuminate\\Pipeline\\Pipeline.php(183): Illuminate\\Http\\Middleware\\ValidatePostSize->handle()
#34 D:\\Proyek SMA 1\\pabwe-pkm-proyek-2024-k1\\MainPage\\vendor\\laravel\\framework\\src\\Illuminate\\Foundation\\Http\\Middleware\\PreventRequestsDuringMaintenance.php(110): Illuminate\\Pipeline\\Pipeline->Illuminate\\Pipeline\\{closure}()
#35 D:\\Proyek SMA 1\\pabwe-pkm-proyek-2024-k1\\MainPage\\vendor\\laravel\\framework\\src\\Illuminate\\Pipeline\\Pipeline.php(183): Illuminate\\Foundation\\Http\\Middleware\\PreventRequestsDuringMaintenance->handle()
#36 D:\\Proyek SMA 1\\pabwe-pkm-proyek-2024-k1\\MainPage\\vendor\\laravel\\framework\\src\\Illuminate\\Http\\Middleware\\HandleCors.php(49): Illuminate\\Pipeline\\Pipeline->Illuminate\\Pipeline\\{closure}()
#37 D:\\Proyek SMA 1\\pabwe-pkm-proyek-2024-k1\\MainPage\\vendor\\laravel\\framework\\src\\Illuminate\\Pipeline\\Pipeline.php(183): Illuminate\\Http\\Middleware\\HandleCors->handle()
#38 D:\\Proyek SMA 1\\pabwe-pkm-proyek-2024-k1\\MainPage\\vendor\\laravel\\framework\\src\\Illuminate\\Http\\Middleware\\TrustProxies.php(58): Illuminate\\Pipeline\\Pipeline->Illuminate\\Pipeline\\{closure}()
#39 D:\\Proyek SMA 1\\pabwe-pkm-proyek-2024-k1\\MainPage\\vendor\\laravel\\framework\\src\\Illuminate\\Pipeline\\Pipeline.php(183): Illuminate\\Http\\Middleware\\TrustProxies->handle()
#40 D:\\Proyek SMA 1\\pabwe-pkm-proyek-2024-k1\\MainPage\\vendor\\laravel\\framework\\src\\Illuminate\\Foundation\\Http\\Middleware\\InvokeDeferredCallbacks.php(22): Illuminate\\Pipeline\\Pipeline->Illuminate\\Pipeline\\{closure}()
#41 D:\\Proyek SMA 1\\pabwe-pkm-proyek-2024-k1\\MainPage\\vendor\\laravel\\framework\\src\\Illuminate\\Pipeline\\Pipeline.php(183): Illuminate\\Foundation\\Http\\Middleware\\InvokeDeferredCallbacks->handle()
#42 D:\\Proyek SMA 1\\pabwe-pkm-proyek-2024-k1\\MainPage\\vendor\\laravel\\framework\\src\\Illuminate\\Pipeline\\Pipeline.php(119): Illuminate\\Pipeline\\Pipeline->Illuminate\\Pipeline\\{closure}()
#43 D:\\Proyek SMA 1\\pabwe-pkm-proyek-2024-k1\\MainPage\\vendor\\laravel\\framework\\src\\Illuminate\\Foundation\\Http\\Kernel.php(176): Illuminate\\Pipeline\\Pipeline->then()
#44 D:\\Proyek SMA 1\\pabwe-pkm-proyek-2024-k1\\MainPage\\vendor\\laravel\\framework\\src\\Illuminate\\Foundation\\Http\\Kernel.php(145): Illuminate\\Foundation\\Http\\Kernel->sendRequestThroughRouter()
#45 D:\\Proyek SMA 1\\pabwe-pkm-proyek-2024-k1\\MainPage\\vendor\\laravel\\framework\\src\\Illuminate\\Foundation\\Application.php(1188): Illuminate\\Foundation\\Http\\Kernel->handle()
#46 D:\\Proyek SMA 1\\pabwe-pkm-proyek-2024-k1\\MainPage\\public\\index.php(17): Illuminate\\Foundation\\Application->handleRequest()
#47 D:\\Proyek SMA 1\\pabwe-pkm-proyek-2024-k1\\MainPage\\vendor\\laravel\\framework\\src\\Illuminate\\Foundation\\resources\\server.php(23): require_once('...')
#48 {main}
"} 
[2024-11-14 07:55:18] local.ERROR: SQLSTATE[42S02]: Base table or view not found: 1146 Table 'pabwe_todo.basic_infos' doesn't exist (Connection: mysql, SQL: select * from `basic_infos` limit 1) {"exception":"[object] (Illuminate\\Database\\QueryException(code: 42S02): SQLSTATE[42S02]: Base table or view not found: 1146 Table 'pabwe_todo.basic_infos' doesn't exist (Connection: mysql, SQL: select * from `basic_infos` limit 1) at D:\\Proyek SMA 1\\pabwe-pkm-proyek-2024-k1\\MainPage\\vendor\\laravel\\framework\\src\\Illuminate\\Database\\Connection.php:825)
[stacktrace]
#0 D:\\Proyek SMA 1\\pabwe-pkm-proyek-2024-k1\\MainPage\\vendor\\laravel\\framework\\src\\Illuminate\\Database\\Connection.php(779): Illuminate\\Database\\Connection->runQueryCallback()
#1 D:\\Proyek SMA 1\\pabwe-pkm-proyek-2024-k1\\MainPage\\vendor\\laravel\\framework\\src\\Illuminate\\Database\\Connection.php(398): Illuminate\\Database\\Connection->run()
#2 D:\\Proyek SMA 1\\pabwe-pkm-proyek-2024-k1\\MainPage\\vendor\\laravel\\framework\\src\\Illuminate\\Database\\Query\\Builder.php(3132): Illuminate\\Database\\Connection->select()
#3 D:\\Proyek SMA 1\\pabwe-pkm-proyek-2024-k1\\MainPage\\vendor\\laravel\\framework\\src\\Illuminate\\Database\\Query\\Builder.php(3117): Illuminate\\Database\\Query\\Builder->runSelect()
#4 D:\\Proyek SMA 1\\pabwe-pkm-proyek-2024-k1\\MainPage\\vendor\\laravel\\framework\\src\\Illuminate\\Database\\Query\\Builder.php(3705): Illuminate\\Database\\Query\\Builder->Illuminate\\Database\\Query\\{closure}()
#5 D:\\Proyek SMA 1\\pabwe-pkm-proyek-2024-k1\\MainPage\\vendor\\laravel\\framework\\src\\Illuminate\\Database\\Query\\Builder.php(3116): Illuminate\\Database\\Query\\Builder->onceWithColumns()
#6 D:\\Proyek SMA 1\\pabwe-pkm-proyek-2024-k1\\MainPage\\vendor\\laravel\\framework\\src\\Illuminate\\Database\\Eloquent\\Builder.php(759): Illuminate\\Database\\Query\\Builder->get()
#7 D:\\Proyek SMA 1\\pabwe-pkm-proyek-2024-k1\\MainPage\\vendor\\laravel\\framework\\src\\Illuminate\\Database\\Eloquent\\Builder.php(741): Illuminate\\Database\\Eloquent\\Builder->getModels()
#8 D:\\Proyek SMA 1\\pabwe-pkm-proyek-2024-k1\\MainPage\\vendor\\laravel\\framework\\src\\Illuminate\\Database\\Concerns\\BuildsQueries.php(344): Illuminate\\Database\\Eloquent\\Builder->get()
#9 D:\\Proyek SMA 1\\pabwe-pkm-proyek-2024-k1\\MainPage\\vendor\\laravel\\framework\\src\\Illuminate\\Support\\Traits\\ForwardsCalls.php(23): Illuminate\\Database\\Eloquent\\Builder->first()
#10 D:\\Proyek SMA 1\\pabwe-pkm-proyek-2024-k1\\MainPage\\vendor\\laravel\\framework\\src\\Illuminate\\Database\\Eloquent\\Model.php(2367): Illuminate\\Database\\Eloquent\\Model->forwardCallTo()
#11 D:\\Proyek SMA 1\\pabwe-pkm-proyek-2024-k1\\MainPage\\vendor\\laravel\\framework\\src\\Illuminate\\Database\\Eloquent\\Model.php(2379): Illuminate\\Database\\Eloquent\\Model->__call()
#12 D:\\Proyek SMA 1\\pabwe-pkm-proyek-2024-k1\\MainPage\\app\\Http\\Controllers\\ProfilController.php(39): Illuminate\\Database\\Eloquent\\Model::__callStatic()
#13 D:\\Proyek SMA 1\\pabwe-pkm-proyek-2024-k1\\MainPage\\vendor\\laravel\\framework\\src\\Illuminate\\Routing\\Controller.php(54): App\\Http\\Controllers\\ProfilController->struktur_organisasi()
#14 D:\\Proyek SMA 1\\pabwe-pkm-proyek-2024-k1\\MainPage\\vendor\\laravel\\framework\\src\\Illuminate\\Routing\\ControllerDispatcher.php(43): Illuminate\\Routing\\Controller->callAction()
#15 D:\\Proyek SMA 1\\pabwe-pkm-proyek-2024-k1\\MainPage\\vendor\\laravel\\framework\\src\\Illuminate\\Routing\\Route.php(264): Illuminate\\Routing\\ControllerDispatcher->dispatch()
#16 D:\\Proyek SMA 1\\pabwe-pkm-proyek-2024-k1\\MainPage\\vendor\\laravel\\framework\\src\\Illuminate\\Routing\\Route.php(210): Illuminate\\Routing\\Route->runController()
#17 D:\\Proyek SMA 1\\pabwe-pkm-proyek-2024-k1\\MainPage\\vendor\\laravel\\framework\\src\\Illuminate\\Routing\\Router.php(808): Illuminate\\Routing\\Route->run()
#18 D:\\Proyek SMA 1\\pabwe-pkm-proyek-2024-k1\\MainPage\\vendor\\laravel\\framework\\src\\Illuminate\\Pipeline\\Pipeline.php(144): Illuminate\\Routing\\Router->Illuminate\\Routing\\{closure}()
#19 D:\\Proyek SMA 1\\pabwe-pkm-proyek-2024-k1\\MainPage\\vendor\\laravel\\framework\\src\\Illuminate\\Routing\\Middleware\\SubstituteBindings.php(51): Illuminate\\Pipeline\\Pipeline->Illuminate\\Pipeline\\{closure}()
#20 D:\\Proyek SMA 1\\pabwe-pkm-proyek-2024-k1\\MainPage\\vendor\\laravel\\framework\\src\\Illuminate\\Pipeline\\Pipeline.php(183): Illuminate\\Routing\\Middleware\\SubstituteBindings->handle()
#21 D:\\Proyek SMA 1\\pabwe-pkm-proyek-2024-k1\\MainPage\\vendor\\laravel\\framework\\src\\Illuminate\\Foundation\\Http\\Middleware\\VerifyCsrfToken.php(88): Illuminate\\Pipeline\\Pipeline->Illuminate\\Pipeline\\{closure}()
#22 D:\\Proyek SMA 1\\pabwe-pkm-proyek-2024-k1\\MainPage\\vendor\\laravel\\framework\\src\\Illuminate\\Pipeline\\Pipeline.php(183): Illuminate\\Foundation\\Http\\Middleware\\VerifyCsrfToken->handle()
#23 D:\\Proyek SMA 1\\pabwe-pkm-proyek-2024-k1\\MainPage\\vendor\\laravel\\framework\\src\\Illuminate\\View\\Middleware\\ShareErrorsFromSession.php(49): Illuminate\\Pipeline\\Pipeline->Illuminate\\Pipeline\\{closure}()
#24 D:\\Proyek SMA 1\\pabwe-pkm-proyek-2024-k1\\MainPage\\vendor\\laravel\\framework\\src\\Illuminate\\Pipeline\\Pipeline.php(183): Illuminate\\View\\Middleware\\ShareErrorsFromSession->handle()
#25 D:\\Proyek SMA 1\\pabwe-pkm-proyek-2024-k1\\MainPage\\vendor\\laravel\\framework\\src\\Illuminate\\Session\\Middleware\\StartSession.php(121): Illuminate\\Pipeline\\Pipeline->Illuminate\\Pipeline\\{closure}()
#26 D:\\Proyek SMA 1\\pabwe-pkm-proyek-2024-k1\\MainPage\\vendor\\laravel\\framework\\src\\Illuminate\\Session\\Middleware\\StartSession.php(64): Illuminate\\Session\\Middleware\\StartSession->handleStatefulRequest()
#27 D:\\Proyek SMA 1\\pabwe-pkm-proyek-2024-k1\\MainPage\\vendor\\laravel\\framework\\src\\Illuminate\\Pipeline\\Pipeline.php(183): Illuminate\\Session\\Middleware\\StartSession->handle()
#28 D:\\Proyek SMA 1\\pabwe-pkm-proyek-2024-k1\\MainPage\\vendor\\laravel\\framework\\src\\Illuminate\\Cookie\\Middleware\\AddQueuedCookiesToResponse.php(37): Illuminate\\Pipeline\\Pipeline->Illuminate\\Pipeline\\{closure}()
#29 D:\\Proyek SMA 1\\pabwe-pkm-proyek-2024-k1\\MainPage\\vendor\\laravel\\framework\\src\\Illuminate\\Pipeline\\Pipeline.php(183): Illuminate\\Cookie\\Middleware\\AddQueuedCookiesToResponse->handle()
#30 D:\\Proyek SMA 1\\pabwe-pkm-proyek-2024-k1\\MainPage\\vendor\\laravel\\framework\\src\\Illuminate\\Cookie\\Middleware\\EncryptCookies.php(75): Illuminate\\Pipeline\\Pipeline->Illuminate\\Pipeline\\{closure}()
#31 D:\\Proyek SMA 1\\pabwe-pkm-proyek-2024-k1\\MainPage\\vendor\\laravel\\framework\\src\\Illuminate\\Pipeline\\Pipeline.php(183): Illuminate\\Cookie\\Middleware\\EncryptCookies->handle()
#32 D:\\Proyek SMA 1\\pabwe-pkm-proyek-2024-k1\\MainPage\\vendor\\laravel\\framework\\src\\Illuminate\\Pipeline\\Pipeline.php(119): Illuminate\\Pipeline\\Pipeline->Illuminate\\Pipeline\\{closure}()
#33 D:\\Proyek SMA 1\\pabwe-pkm-proyek-2024-k1\\MainPage\\vendor\\laravel\\framework\\src\\Illuminate\\Routing\\Router.php(807): Illuminate\\Pipeline\\Pipeline->then()
#34 D:\\Proyek SMA 1\\pabwe-pkm-proyek-2024-k1\\MainPage\\vendor\\laravel\\framework\\src\\Illuminate\\Routing\\Router.php(786): Illuminate\\Routing\\Router->runRouteWithinStack()
#35 D:\\Proyek SMA 1\\pabwe-pkm-proyek-2024-k1\\MainPage\\vendor\\laravel\\framework\\src\\Illuminate\\Routing\\Router.php(750): Illuminate\\Routing\\Router->runRoute()
#36 D:\\Proyek SMA 1\\pabwe-pkm-proyek-2024-k1\\MainPage\\vendor\\laravel\\framework\\src\\Illuminate\\Routing\\Router.php(739): Illuminate\\Routing\\Router->dispatchToRoute()
#37 D:\\Proyek SMA 1\\pabwe-pkm-proyek-2024-k1\\MainPage\\vendor\\laravel\\framework\\src\\Illuminate\\Foundation\\Http\\Kernel.php(201): Illuminate\\Routing\\Router->dispatch()
#38 D:\\Proyek SMA 1\\pabwe-pkm-proyek-2024-k1\\MainPage\\vendor\\laravel\\framework\\src\\Illuminate\\Pipeline\\Pipeline.php(144): Illuminate\\Foundation\\Http\\Kernel->Illuminate\\Foundation\\Http\\{closure}()
#39 D:\\Proyek SMA 1\\pabwe-pkm-proyek-2024-k1\\MainPage\\vendor\\laravel\\framework\\src\\Illuminate\\Foundation\\Http\\Middleware\\TransformsRequest.php(21): Illuminate\\Pipeline\\Pipeline->Illuminate\\Pipeline\\{closure}()
#40 D:\\Proyek SMA 1\\pabwe-pkm-proyek-2024-k1\\MainPage\\vendor\\laravel\\framework\\src\\Illuminate\\Foundation\\Http\\Middleware\\ConvertEmptyStringsToNull.php(31): Illuminate\\Foundation\\Http\\Middleware\\TransformsRequest->handle()
#41 D:\\Proyek SMA 1\\pabwe-pkm-proyek-2024-k1\\MainPage\\vendor\\laravel\\framework\\src\\Illuminate\\Pipeline\\Pipeline.php(183): Illuminate\\Foundation\\Http\\Middleware\\ConvertEmptyStringsToNull->handle()
#42 D:\\Proyek SMA 1\\pabwe-pkm-proyek-2024-k1\\MainPage\\vendor\\laravel\\framework\\src\\Illuminate\\Foundation\\Http\\Middleware\\TransformsRequest.php(21): Illuminate\\Pipeline\\Pipeline->Illuminate\\Pipeline\\{closure}()
#43 D:\\Proyek SMA 1\\pabwe-pkm-proyek-2024-k1\\MainPage\\vendor\\laravel\\framework\\src\\Illuminate\\Foundation\\Http\\Middleware\\TrimStrings.php(51): Illuminate\\Foundation\\Http\\Middleware\\TransformsRequest->handle()
#44 D:\\Proyek SMA 1\\pabwe-pkm-proyek-2024-k1\\MainPage\\vendor\\laravel\\framework\\src\\Illuminate\\Pipeline\\Pipeline.php(183): Illuminate\\Foundation\\Http\\Middleware\\TrimStrings->handle()
#45 D:\\Proyek SMA 1\\pabwe-pkm-proyek-2024-k1\\MainPage\\vendor\\laravel\\framework\\src\\Illuminate\\Http\\Middleware\\ValidatePostSize.php(27): Illuminate\\Pipeline\\Pipeline->Illuminate\\Pipeline\\{closure}()
#46 D:\\Proyek SMA 1\\pabwe-pkm-proyek-2024-k1\\MainPage\\vendor\\laravel\\framework\\src\\Illuminate\\Pipeline\\Pipeline.php(183): Illuminate\\Http\\Middleware\\ValidatePostSize->handle()
#47 D:\\Proyek SMA 1\\pabwe-pkm-proyek-2024-k1\\MainPage\\vendor\\laravel\\framework\\src\\Illuminate\\Foundation\\Http\\Middleware\\PreventRequestsDuringMaintenance.php(110): Illuminate\\Pipeline\\Pipeline->Illuminate\\Pipeline\\{closure}()
#48 D:\\Proyek SMA 1\\pabwe-pkm-proyek-2024-k1\\MainPage\\vendor\\laravel\\framework\\src\\Illuminate\\Pipeline\\Pipeline.php(183): Illuminate\\Foundation\\Http\\Middleware\\PreventRequestsDuringMaintenance->handle()
#49 D:\\Proyek SMA 1\\pabwe-pkm-proyek-2024-k1\\MainPage\\vendor\\laravel\\framework\\src\\Illuminate\\Http\\Middleware\\HandleCors.php(49): Illuminate\\Pipeline\\Pipeline->Illuminate\\Pipeline\\{closure}()
#50 D:\\Proyek SMA 1\\pabwe-pkm-proyek-2024-k1\\MainPage\\vendor\\laravel\\framework\\src\\Illuminate\\Pipeline\\Pipeline.php(183): Illuminate\\Http\\Middleware\\HandleCors->handle()
#51 D:\\Proyek SMA 1\\pabwe-pkm-proyek-2024-k1\\MainPage\\vendor\\laravel\\framework\\src\\Illuminate\\Http\\Middleware\\TrustProxies.php(58): Illuminate\\Pipeline\\Pipeline->Illuminate\\Pipeline\\{closure}()
#52 D:\\Proyek SMA 1\\pabwe-pkm-proyek-2024-k1\\MainPage\\vendor\\laravel\\framework\\src\\Illuminate\\Pipeline\\Pipeline.php(183): Illuminate\\Http\\Middleware\\TrustProxies->handle()
#53 D:\\Proyek SMA 1\\pabwe-pkm-proyek-2024-k1\\MainPage\\vendor\\laravel\\framework\\src\\Illuminate\\Foundation\\Http\\Middleware\\InvokeDeferredCallbacks.php(22): Illuminate\\Pipeline\\Pipeline->Illuminate\\Pipeline\\{closure}()
#54 D:\\Proyek SMA 1\\pabwe-pkm-proyek-2024-k1\\MainPage\\vendor\\laravel\\framework\\src\\Illuminate\\Pipeline\\Pipeline.php(183): Illuminate\\Foundation\\Http\\Middleware\\InvokeDeferredCallbacks->handle()
#55 D:\\Proyek SMA 1\\pabwe-pkm-proyek-2024-k1\\MainPage\\vendor\\laravel\\framework\\src\\Illuminate\\Pipeline\\Pipeline.php(119): Illuminate\\Pipeline\\Pipeline->Illuminate\\Pipeline\\{closure}()
#56 D:\\Proyek SMA 1\\pabwe-pkm-proyek-2024-k1\\MainPage\\vendor\\laravel\\framework\\src\\Illuminate\\Foundation\\Http\\Kernel.php(176): Illuminate\\Pipeline\\Pipeline->then()
#57 D:\\Proyek SMA 1\\pabwe-pkm-proyek-2024-k1\\MainPage\\vendor\\laravel\\framework\\src\\Illuminate\\Foundation\\Http\\Kernel.php(145): Illuminate\\Foundation\\Http\\Kernel->sendRequestThroughRouter()
#58 D:\\Proyek SMA 1\\pabwe-pkm-proyek-2024-k1\\MainPage\\vendor\\laravel\\framework\\src\\Illuminate\\Foundation\\Application.php(1188): Illuminate\\Foundation\\Http\\Kernel->handle()
#59 D:\\Proyek SMA 1\\pabwe-pkm-proyek-2024-k1\\MainPage\\public\\index.php(17): Illuminate\\Foundation\\Application->handleRequest()
#60 D:\\Proyek SMA 1\\pabwe-pkm-proyek-2024-k1\\MainPage\\vendor\\laravel\\framework\\src\\Illuminate\\Foundation\\resources\\server.php(23): require_once('...')
#61 {main}

[previous exception] [object] (PDOException(code: 42S02): SQLSTATE[42S02]: Base table or view not found: 1146 Table 'pabwe_todo.basic_infos' doesn't exist at D:\\Proyek SMA 1\\pabwe-pkm-proyek-2024-k1\\MainPage\\vendor\\laravel\\framework\\src\\Illuminate\\Database\\Connection.php:407)
[stacktrace]
#0 D:\\Proyek SMA 1\\pabwe-pkm-proyek-2024-k1\\MainPage\\vendor\\laravel\\framework\\src\\Illuminate\\Database\\Connection.php(407): PDO->prepare()
#1 D:\\Proyek SMA 1\\pabwe-pkm-proyek-2024-k1\\MainPage\\vendor\\laravel\\framework\\src\\Illuminate\\Database\\Connection.php(812): Illuminate\\Database\\Connection->Illuminate\\Database\\{closure}()
#2 D:\\Proyek SMA 1\\pabwe-pkm-proyek-2024-k1\\MainPage\\vendor\\laravel\\framework\\src\\Illuminate\\Database\\Connection.php(779): Illuminate\\Database\\Connection->runQueryCallback()
#3 D:\\Proyek SMA 1\\pabwe-pkm-proyek-2024-k1\\MainPage\\vendor\\laravel\\framework\\src\\Illuminate\\Database\\Connection.php(398): Illuminate\\Database\\Connection->run()
#4 D:\\Proyek SMA 1\\pabwe-pkm-proyek-2024-k1\\MainPage\\vendor\\laravel\\framework\\src\\Illuminate\\Database\\Query\\Builder.php(3132): Illuminate\\Database\\Connection->select()
#5 D:\\Proyek SMA 1\\pabwe-pkm-proyek-2024-k1\\MainPage\\vendor\\laravel\\framework\\src\\Illuminate\\Database\\Query\\Builder.php(3117): Illuminate\\Database\\Query\\Builder->runSelect()
#6 D:\\Proyek SMA 1\\pabwe-pkm-proyek-2024-k1\\MainPage\\vendor\\laravel\\framework\\src\\Illuminate\\Database\\Query\\Builder.php(3705): Illuminate\\Database\\Query\\Builder->Illuminate\\Database\\Query\\{closure}()
#7 D:\\Proyek SMA 1\\pabwe-pkm-proyek-2024-k1\\MainPage\\vendor\\laravel\\framework\\src\\Illuminate\\Database\\Query\\Builder.php(3116): Illuminate\\Database\\Query\\Builder->onceWithColumns()
#8 D:\\Proyek SMA 1\\pabwe-pkm-proyek-2024-k1\\MainPage\\vendor\\laravel\\framework\\src\\Illuminate\\Database\\Eloquent\\Builder.php(759): Illuminate\\Database\\Query\\Builder->get()
#9 D:\\Proyek SMA 1\\pabwe-pkm-proyek-2024-k1\\MainPage\\vendor\\laravel\\framework\\src\\Illuminate\\Database\\Eloquent\\Builder.php(741): Illuminate\\Database\\Eloquent\\Builder->getModels()
#10 D:\\Proyek SMA 1\\pabwe-pkm-proyek-2024-k1\\MainPage\\vendor\\laravel\\framework\\src\\Illuminate\\Database\\Concerns\\BuildsQueries.php(344): Illuminate\\Database\\Eloquent\\Builder->get()
#11 D:\\Proyek SMA 1\\pabwe-pkm-proyek-2024-k1\\MainPage\\vendor\\laravel\\framework\\src\\Illuminate\\Support\\Traits\\ForwardsCalls.php(23): Illuminate\\Database\\Eloquent\\Builder->first()
#12 D:\\Proyek SMA 1\\pabwe-pkm-proyek-2024-k1\\MainPage\\vendor\\laravel\\framework\\src\\Illuminate\\Database\\Eloquent\\Model.php(2367): Illuminate\\Database\\Eloquent\\Model->forwardCallTo()
#13 D:\\Proyek SMA 1\\pabwe-pkm-proyek-2024-k1\\MainPage\\vendor\\laravel\\framework\\src\\Illuminate\\Database\\Eloquent\\Model.php(2379): Illuminate\\Database\\Eloquent\\Model->__call()
#14 D:\\Proyek SMA 1\\pabwe-pkm-proyek-2024-k1\\MainPage\\app\\Http\\Controllers\\ProfilController.php(39): Illuminate\\Database\\Eloquent\\Model::__callStatic()
#15 D:\\Proyek SMA 1\\pabwe-pkm-proyek-2024-k1\\MainPage\\vendor\\laravel\\framework\\src\\Illuminate\\Routing\\Controller.php(54): App\\Http\\Controllers\\ProfilController->struktur_organisasi()
#16 D:\\Proyek SMA 1\\pabwe-pkm-proyek-2024-k1\\MainPage\\vendor\\laravel\\framework\\src\\Illuminate\\Routing\\ControllerDispatcher.php(43): Illuminate\\Routing\\Controller->callAction()
#17 D:\\Proyek SMA 1\\pabwe-pkm-proyek-2024-k1\\MainPage\\vendor\\laravel\\framework\\src\\Illuminate\\Routing\\Route.php(264): Illuminate\\Routing\\ControllerDispatcher->dispatch()
#18 D:\\Proyek SMA 1\\pabwe-pkm-proyek-2024-k1\\MainPage\\vendor\\laravel\\framework\\src\\Illuminate\\Routing\\Route.php(210): Illuminate\\Routing\\Route->runController()
#19 D:\\Proyek SMA 1\\pabwe-pkm-proyek-2024-k1\\MainPage\\vendor\\laravel\\framework\\src\\Illuminate\\Routing\\Router.php(808): Illuminate\\Routing\\Route->run()
#20 D:\\Proyek SMA 1\\pabwe-pkm-proyek-2024-k1\\MainPage\\vendor\\laravel\\framework\\src\\Illuminate\\Pipeline\\Pipeline.php(144): Illuminate\\Routing\\Router->Illuminate\\Routing\\{closure}()
#21 D:\\Proyek SMA 1\\pabwe-pkm-proyek-2024-k1\\MainPage\\vendor\\laravel\\framework\\src\\Illuminate\\Routing\\Middleware\\SubstituteBindings.php(51): Illuminate\\Pipeline\\Pipeline->Illuminate\\Pipeline\\{closure}()
#22 D:\\Proyek SMA 1\\pabwe-pkm-proyek-2024-k1\\MainPage\\vendor\\laravel\\framework\\src\\Illuminate\\Pipeline\\Pipeline.php(183): Illuminate\\Routing\\Middleware\\SubstituteBindings->handle()
#23 D:\\Proyek SMA 1\\pabwe-pkm-proyek-2024-k1\\MainPage\\vendor\\laravel\\framework\\src\\Illuminate\\Foundation\\Http\\Middleware\\VerifyCsrfToken.php(88): Illuminate\\Pipeline\\Pipeline->Illuminate\\Pipeline\\{closure}()
#24 D:\\Proyek SMA 1\\pabwe-pkm-proyek-2024-k1\\MainPage\\vendor\\laravel\\framework\\src\\Illuminate\\Pipeline\\Pipeline.php(183): Illuminate\\Foundation\\Http\\Middleware\\VerifyCsrfToken->handle()
#25 D:\\Proyek SMA 1\\pabwe-pkm-proyek-2024-k1\\MainPage\\vendor\\laravel\\framework\\src\\Illuminate\\View\\Middleware\\ShareErrorsFromSession.php(49): Illuminate\\Pipeline\\Pipeline->Illuminate\\Pipeline\\{closure}()
#26 D:\\Proyek SMA 1\\pabwe-pkm-proyek-2024-k1\\MainPage\\vendor\\laravel\\framework\\src\\Illuminate\\Pipeline\\Pipeline.php(183): Illuminate\\View\\Middleware\\ShareErrorsFromSession->handle()
#27 D:\\Proyek SMA 1\\pabwe-pkm-proyek-2024-k1\\MainPage\\vendor\\laravel\\framework\\src\\Illuminate\\Session\\Middleware\\StartSession.php(121): Illuminate\\Pipeline\\Pipeline->Illuminate\\Pipeline\\{closure}()
#28 D:\\Proyek SMA 1\\pabwe-pkm-proyek-2024-k1\\MainPage\\vendor\\laravel\\framework\\src\\Illuminate\\Session\\Middleware\\StartSession.php(64): Illuminate\\Session\\Middleware\\StartSession->handleStatefulRequest()
#29 D:\\Proyek SMA 1\\pabwe-pkm-proyek-2024-k1\\MainPage\\vendor\\laravel\\framework\\src\\Illuminate\\Pipeline\\Pipeline.php(183): Illuminate\\Session\\Middleware\\StartSession->handle()
#30 D:\\Proyek SMA 1\\pabwe-pkm-proyek-2024-k1\\MainPage\\vendor\\laravel\\framework\\src\\Illuminate\\Cookie\\Middleware\\AddQueuedCookiesToResponse.php(37): Illuminate\\Pipeline\\Pipeline->Illuminate\\Pipeline\\{closure}()
#31 D:\\Proyek SMA 1\\pabwe-pkm-proyek-2024-k1\\MainPage\\vendor\\laravel\\framework\\src\\Illuminate\\Pipeline\\Pipeline.php(183): Illuminate\\Cookie\\Middleware\\AddQueuedCookiesToResponse->handle()
#32 D:\\Proyek SMA 1\\pabwe-pkm-proyek-2024-k1\\MainPage\\vendor\\laravel\\framework\\src\\Illuminate\\Cookie\\Middleware\\EncryptCookies.php(75): Illuminate\\Pipeline\\Pipeline->Illuminate\\Pipeline\\{closure}()
#33 D:\\Proyek SMA 1\\pabwe-pkm-proyek-2024-k1\\MainPage\\vendor\\laravel\\framework\\src\\Illuminate\\Pipeline\\Pipeline.php(183): Illuminate\\Cookie\\Middleware\\EncryptCookies->handle()
#34 D:\\Proyek SMA 1\\pabwe-pkm-proyek-2024-k1\\MainPage\\vendor\\laravel\\framework\\src\\Illuminate\\Pipeline\\Pipeline.php(119): Illuminate\\Pipeline\\Pipeline->Illuminate\\Pipeline\\{closure}()
#35 D:\\Proyek SMA 1\\pabwe-pkm-proyek-2024-k1\\MainPage\\vendor\\laravel\\framework\\src\\Illuminate\\Routing\\Router.php(807): Illuminate\\Pipeline\\Pipeline->then()
#36 D:\\Proyek SMA 1\\pabwe-pkm-proyek-2024-k1\\MainPage\\vendor\\laravel\\framework\\src\\Illuminate\\Routing\\Router.php(786): Illuminate\\Routing\\Router->runRouteWithinStack()
#37 D:\\Proyek SMA 1\\pabwe-pkm-proyek-2024-k1\\MainPage\\vendor\\laravel\\framework\\src\\Illuminate\\Routing\\Router.php(750): Illuminate\\Routing\\Router->runRoute()
#38 D:\\Proyek SMA 1\\pabwe-pkm-proyek-2024-k1\\MainPage\\vendor\\laravel\\framework\\src\\Illuminate\\Routing\\Router.php(739): Illuminate\\Routing\\Router->dispatchToRoute()
#39 D:\\Proyek SMA 1\\pabwe-pkm-proyek-2024-k1\\MainPage\\vendor\\laravel\\framework\\src\\Illuminate\\Foundation\\Http\\Kernel.php(201): Illuminate\\Routing\\Router->dispatch()
#40 D:\\Proyek SMA 1\\pabwe-pkm-proyek-2024-k1\\MainPage\\vendor\\laravel\\framework\\src\\Illuminate\\Pipeline\\Pipeline.php(144): Illuminate\\Foundation\\Http\\Kernel->Illuminate\\Foundation\\Http\\{closure}()
#41 D:\\Proyek SMA 1\\pabwe-pkm-proyek-2024-k1\\MainPage\\vendor\\laravel\\framework\\src\\Illuminate\\Foundation\\Http\\Middleware\\TransformsRequest.php(21): Illuminate\\Pipeline\\Pipeline->Illuminate\\Pipeline\\{closure}()
#42 D:\\Proyek SMA 1\\pabwe-pkm-proyek-2024-k1\\MainPage\\vendor\\laravel\\framework\\src\\Illuminate\\Foundation\\Http\\Middleware\\ConvertEmptyStringsToNull.php(31): Illuminate\\Foundation\\Http\\Middleware\\TransformsRequest->handle()
#43 D:\\Proyek SMA 1\\pabwe-pkm-proyek-2024-k1\\MainPage\\vendor\\laravel\\framework\\src\\Illuminate\\Pipeline\\Pipeline.php(183): Illuminate\\Foundation\\Http\\Middleware\\ConvertEmptyStringsToNull->handle()
#44 D:\\Proyek SMA 1\\pabwe-pkm-proyek-2024-k1\\MainPage\\vendor\\laravel\\framework\\src\\Illuminate\\Foundation\\Http\\Middleware\\TransformsRequest.php(21): Illuminate\\Pipeline\\Pipeline->Illuminate\\Pipeline\\{closure}()
#45 D:\\Proyek SMA 1\\pabwe-pkm-proyek-2024-k1\\MainPage\\vendor\\laravel\\framework\\src\\Illuminate\\Foundation\\Http\\Middleware\\TrimStrings.php(51): Illuminate\\Foundation\\Http\\Middleware\\TransformsRequest->handle()
#46 D:\\Proyek SMA 1\\pabwe-pkm-proyek-2024-k1\\MainPage\\vendor\\laravel\\framework\\src\\Illuminate\\Pipeline\\Pipeline.php(183): Illuminate\\Foundation\\Http\\Middleware\\TrimStrings->handle()
#47 D:\\Proyek SMA 1\\pabwe-pkm-proyek-2024-k1\\MainPage\\vendor\\laravel\\framework\\src\\Illuminate\\Http\\Middleware\\ValidatePostSize.php(27): Illuminate\\Pipeline\\Pipeline->Illuminate\\Pipeline\\{closure}()
#48 D:\\Proyek SMA 1\\pabwe-pkm-proyek-2024-k1\\MainPage\\vendor\\laravel\\framework\\src\\Illuminate\\Pipeline\\Pipeline.php(183): Illuminate\\Http\\Middleware\\ValidatePostSize->handle()
#49 D:\\Proyek SMA 1\\pabwe-pkm-proyek-2024-k1\\MainPage\\vendor\\laravel\\framework\\src\\Illuminate\\Foundation\\Http\\Middleware\\PreventRequestsDuringMaintenance.php(110): Illuminate\\Pipeline\\Pipeline->Illuminate\\Pipeline\\{closure}()
#50 D:\\Proyek SMA 1\\pabwe-pkm-proyek-2024-k1\\MainPage\\vendor\\laravel\\framework\\src\\Illuminate\\Pipeline\\Pipeline.php(183): Illuminate\\Foundation\\Http\\Middleware\\PreventRequestsDuringMaintenance->handle()
#51 D:\\Proyek SMA 1\\pabwe-pkm-proyek-2024-k1\\MainPage\\vendor\\laravel\\framework\\src\\Illuminate\\Http\\Middleware\\HandleCors.php(49): Illuminate\\Pipeline\\Pipeline->Illuminate\\Pipeline\\{closure}()
#52 D:\\Proyek SMA 1\\pabwe-pkm-proyek-2024-k1\\MainPage\\vendor\\laravel\\framework\\src\\Illuminate\\Pipeline\\Pipeline.php(183): Illuminate\\Http\\Middleware\\HandleCors->handle()
#53 D:\\Proyek SMA 1\\pabwe-pkm-proyek-2024-k1\\MainPage\\vendor\\laravel\\framework\\src\\Illuminate\\Http\\Middleware\\TrustProxies.php(58): Illuminate\\Pipeline\\Pipeline->Illuminate\\Pipeline\\{closure}()
#54 D:\\Proyek SMA 1\\pabwe-pkm-proyek-2024-k1\\MainPage\\vendor\\laravel\\framework\\src\\Illuminate\\Pipeline\\Pipeline.php(183): Illuminate\\Http\\Middleware\\TrustProxies->handle()
#55 D:\\Proyek SMA 1\\pabwe-pkm-proyek-2024-k1\\MainPage\\vendor\\laravel\\framework\\src\\Illuminate\\Foundation\\Http\\Middleware\\InvokeDeferredCallbacks.php(22): Illuminate\\Pipeline\\Pipeline->Illuminate\\Pipeline\\{closure}()
#56 D:\\Proyek SMA 1\\pabwe-pkm-proyek-2024-k1\\MainPage\\vendor\\laravel\\framework\\src\\Illuminate\\Pipeline\\Pipeline.php(183): Illuminate\\Foundation\\Http\\Middleware\\InvokeDeferredCallbacks->handle()
#57 D:\\Proyek SMA 1\\pabwe-pkm-proyek-2024-k1\\MainPage\\vendor\\laravel\\framework\\src\\Illuminate\\Pipeline\\Pipeline.php(119): Illuminate\\Pipeline\\Pipeline->Illuminate\\Pipeline\\{closure}()
#58 D:\\Proyek SMA 1\\pabwe-pkm-proyek-2024-k1\\MainPage\\vendor\\laravel\\framework\\src\\Illuminate\\Foundation\\Http\\Kernel.php(176): Illuminate\\Pipeline\\Pipeline->then()
#59 D:\\Proyek SMA 1\\pabwe-pkm-proyek-2024-k1\\MainPage\\vendor\\laravel\\framework\\src\\Illuminate\\Foundation\\Http\\Kernel.php(145): Illuminate\\Foundation\\Http\\Kernel->sendRequestThroughRouter()
#60 D:\\Proyek SMA 1\\pabwe-pkm-proyek-2024-k1\\MainPage\\vendor\\laravel\\framework\\src\\Illuminate\\Foundation\\Application.php(1188): Illuminate\\Foundation\\Http\\Kernel->handle()
#61 D:\\Proyek SMA 1\\pabwe-pkm-proyek-2024-k1\\MainPage\\public\\index.php(17): Illuminate\\Foundation\\Application->handleRequest()
#62 D:\\Proyek SMA 1\\pabwe-pkm-proyek-2024-k1\\MainPage\\vendor\\laravel\\framework\\src\\Illuminate\\Foundation\\resources\\server.php(23): require_once('...')
#63 {main}
"} 
[2024-11-14 07:56:05] local.ERROR: SQLSTATE[42S02]: Base table or view not found: 1146 Table 'pabwe_todo.basic_infos' doesn't exist (Connection: mysql, SQL: select * from `basic_infos` limit 1) {"exception":"[object] (Illuminate\\Database\\QueryException(code: 42S02): SQLSTATE[42S02]: Base table or view not found: 1146 Table 'pabwe_todo.basic_infos' doesn't exist (Connection: mysql, SQL: select * from `basic_infos` limit 1) at D:\\Proyek SMA 1\\pabwe-pkm-proyek-2024-k1\\MainPage\\vendor\\laravel\\framework\\src\\Illuminate\\Database\\Connection.php:825)
[stacktrace]
#0 D:\\Proyek SMA 1\\pabwe-pkm-proyek-2024-k1\\MainPage\\vendor\\laravel\\framework\\src\\Illuminate\\Database\\Connection.php(779): Illuminate\\Database\\Connection->runQueryCallback()
#1 D:\\Proyek SMA 1\\pabwe-pkm-proyek-2024-k1\\MainPage\\vendor\\laravel\\framework\\src\\Illuminate\\Database\\Connection.php(398): Illuminate\\Database\\Connection->run()
#2 D:\\Proyek SMA 1\\pabwe-pkm-proyek-2024-k1\\MainPage\\vendor\\laravel\\framework\\src\\Illuminate\\Database\\Query\\Builder.php(3132): Illuminate\\Database\\Connection->select()
#3 D:\\Proyek SMA 1\\pabwe-pkm-proyek-2024-k1\\MainPage\\vendor\\laravel\\framework\\src\\Illuminate\\Database\\Query\\Builder.php(3117): Illuminate\\Database\\Query\\Builder->runSelect()
#4 D:\\Proyek SMA 1\\pabwe-pkm-proyek-2024-k1\\MainPage\\vendor\\laravel\\framework\\src\\Illuminate\\Database\\Query\\Builder.php(3705): Illuminate\\Database\\Query\\Builder->Illuminate\\Database\\Query\\{closure}()
#5 D:\\Proyek SMA 1\\pabwe-pkm-proyek-2024-k1\\MainPage\\vendor\\laravel\\framework\\src\\Illuminate\\Database\\Query\\Builder.php(3116): Illuminate\\Database\\Query\\Builder->onceWithColumns()
#6 D:\\Proyek SMA 1\\pabwe-pkm-proyek-2024-k1\\MainPage\\vendor\\laravel\\framework\\src\\Illuminate\\Database\\Eloquent\\Builder.php(759): Illuminate\\Database\\Query\\Builder->get()
#7 D:\\Proyek SMA 1\\pabwe-pkm-proyek-2024-k1\\MainPage\\vendor\\laravel\\framework\\src\\Illuminate\\Database\\Eloquent\\Builder.php(741): Illuminate\\Database\\Eloquent\\Builder->getModels()
#8 D:\\Proyek SMA 1\\pabwe-pkm-proyek-2024-k1\\MainPage\\vendor\\laravel\\framework\\src\\Illuminate\\Database\\Concerns\\BuildsQueries.php(344): Illuminate\\Database\\Eloquent\\Builder->get()
#9 D:\\Proyek SMA 1\\pabwe-pkm-proyek-2024-k1\\MainPage\\vendor\\laravel\\framework\\src\\Illuminate\\Support\\Traits\\ForwardsCalls.php(23): Illuminate\\Database\\Eloquent\\Builder->first()
#10 D:\\Proyek SMA 1\\pabwe-pkm-proyek-2024-k1\\MainPage\\vendor\\laravel\\framework\\src\\Illuminate\\Database\\Eloquent\\Model.php(2367): Illuminate\\Database\\Eloquent\\Model->forwardCallTo()
#11 D:\\Proyek SMA 1\\pabwe-pkm-proyek-2024-k1\\MainPage\\vendor\\laravel\\framework\\src\\Illuminate\\Database\\Eloquent\\Model.php(2379): Illuminate\\Database\\Eloquent\\Model->__call()
#12 D:\\Proyek SMA 1\\pabwe-pkm-proyek-2024-k1\\MainPage\\app\\Http\\Controllers\\ProfilController.php(39): Illuminate\\Database\\Eloquent\\Model::__callStatic()
#13 D:\\Proyek SMA 1\\pabwe-pkm-proyek-2024-k1\\MainPage\\vendor\\laravel\\framework\\src\\Illuminate\\Routing\\Controller.php(54): App\\Http\\Controllers\\ProfilController->struktur_organisasi()
#14 D:\\Proyek SMA 1\\pabwe-pkm-proyek-2024-k1\\MainPage\\vendor\\laravel\\framework\\src\\Illuminate\\Routing\\ControllerDispatcher.php(43): Illuminate\\Routing\\Controller->callAction()
#15 D:\\Proyek SMA 1\\pabwe-pkm-proyek-2024-k1\\MainPage\\vendor\\laravel\\framework\\src\\Illuminate\\Routing\\Route.php(264): Illuminate\\Routing\\ControllerDispatcher->dispatch()
#16 D:\\Proyek SMA 1\\pabwe-pkm-proyek-2024-k1\\MainPage\\vendor\\laravel\\framework\\src\\Illuminate\\Routing\\Route.php(210): Illuminate\\Routing\\Route->runController()
#17 D:\\Proyek SMA 1\\pabwe-pkm-proyek-2024-k1\\MainPage\\vendor\\laravel\\framework\\src\\Illuminate\\Routing\\Router.php(808): Illuminate\\Routing\\Route->run()
#18 D:\\Proyek SMA 1\\pabwe-pkm-proyek-2024-k1\\MainPage\\vendor\\laravel\\framework\\src\\Illuminate\\Pipeline\\Pipeline.php(144): Illuminate\\Routing\\Router->Illuminate\\Routing\\{closure}()
#19 D:\\Proyek SMA 1\\pabwe-pkm-proyek-2024-k1\\MainPage\\vendor\\laravel\\framework\\src\\Illuminate\\Routing\\Middleware\\SubstituteBindings.php(51): Illuminate\\Pipeline\\Pipeline->Illuminate\\Pipeline\\{closure}()
#20 D:\\Proyek SMA 1\\pabwe-pkm-proyek-2024-k1\\MainPage\\vendor\\laravel\\framework\\src\\Illuminate\\Pipeline\\Pipeline.php(183): Illuminate\\Routing\\Middleware\\SubstituteBindings->handle()
#21 D:\\Proyek SMA 1\\pabwe-pkm-proyek-2024-k1\\MainPage\\vendor\\laravel\\framework\\src\\Illuminate\\Foundation\\Http\\Middleware\\VerifyCsrfToken.php(88): Illuminate\\Pipeline\\Pipeline->Illuminate\\Pipeline\\{closure}()
#22 D:\\Proyek SMA 1\\pabwe-pkm-proyek-2024-k1\\MainPage\\vendor\\laravel\\framework\\src\\Illuminate\\Pipeline\\Pipeline.php(183): Illuminate\\Foundation\\Http\\Middleware\\VerifyCsrfToken->handle()
#23 D:\\Proyek SMA 1\\pabwe-pkm-proyek-2024-k1\\MainPage\\vendor\\laravel\\framework\\src\\Illuminate\\View\\Middleware\\ShareErrorsFromSession.php(49): Illuminate\\Pipeline\\Pipeline->Illuminate\\Pipeline\\{closure}()
#24 D:\\Proyek SMA 1\\pabwe-pkm-proyek-2024-k1\\MainPage\\vendor\\laravel\\framework\\src\\Illuminate\\Pipeline\\Pipeline.php(183): Illuminate\\View\\Middleware\\ShareErrorsFromSession->handle()
#25 D:\\Proyek SMA 1\\pabwe-pkm-proyek-2024-k1\\MainPage\\vendor\\laravel\\framework\\src\\Illuminate\\Session\\Middleware\\StartSession.php(121): Illuminate\\Pipeline\\Pipeline->Illuminate\\Pipeline\\{closure}()
#26 D:\\Proyek SMA 1\\pabwe-pkm-proyek-2024-k1\\MainPage\\vendor\\laravel\\framework\\src\\Illuminate\\Session\\Middleware\\StartSession.php(64): Illuminate\\Session\\Middleware\\StartSession->handleStatefulRequest()
#27 D:\\Proyek SMA 1\\pabwe-pkm-proyek-2024-k1\\MainPage\\vendor\\laravel\\framework\\src\\Illuminate\\Pipeline\\Pipeline.php(183): Illuminate\\Session\\Middleware\\StartSession->handle()
#28 D:\\Proyek SMA 1\\pabwe-pkm-proyek-2024-k1\\MainPage\\vendor\\laravel\\framework\\src\\Illuminate\\Cookie\\Middleware\\AddQueuedCookiesToResponse.php(37): Illuminate\\Pipeline\\Pipeline->Illuminate\\Pipeline\\{closure}()
#29 D:\\Proyek SMA 1\\pabwe-pkm-proyek-2024-k1\\MainPage\\vendor\\laravel\\framework\\src\\Illuminate\\Pipeline\\Pipeline.php(183): Illuminate\\Cookie\\Middleware\\AddQueuedCookiesToResponse->handle()
#30 D:\\Proyek SMA 1\\pabwe-pkm-proyek-2024-k1\\MainPage\\vendor\\laravel\\framework\\src\\Illuminate\\Cookie\\Middleware\\EncryptCookies.php(75): Illuminate\\Pipeline\\Pipeline->Illuminate\\Pipeline\\{closure}()
#31 D:\\Proyek SMA 1\\pabwe-pkm-proyek-2024-k1\\MainPage\\vendor\\laravel\\framework\\src\\Illuminate\\Pipeline\\Pipeline.php(183): Illuminate\\Cookie\\Middleware\\EncryptCookies->handle()
#32 D:\\Proyek SMA 1\\pabwe-pkm-proyek-2024-k1\\MainPage\\vendor\\laravel\\framework\\src\\Illuminate\\Pipeline\\Pipeline.php(119): Illuminate\\Pipeline\\Pipeline->Illuminate\\Pipeline\\{closure}()
#33 D:\\Proyek SMA 1\\pabwe-pkm-proyek-2024-k1\\MainPage\\vendor\\laravel\\framework\\src\\Illuminate\\Routing\\Router.php(807): Illuminate\\Pipeline\\Pipeline->then()
#34 D:\\Proyek SMA 1\\pabwe-pkm-proyek-2024-k1\\MainPage\\vendor\\laravel\\framework\\src\\Illuminate\\Routing\\Router.php(786): Illuminate\\Routing\\Router->runRouteWithinStack()
#35 D:\\Proyek SMA 1\\pabwe-pkm-proyek-2024-k1\\MainPage\\vendor\\laravel\\framework\\src\\Illuminate\\Routing\\Router.php(750): Illuminate\\Routing\\Router->runRoute()
#36 D:\\Proyek SMA 1\\pabwe-pkm-proyek-2024-k1\\MainPage\\vendor\\laravel\\framework\\src\\Illuminate\\Routing\\Router.php(739): Illuminate\\Routing\\Router->dispatchToRoute()
#37 D:\\Proyek SMA 1\\pabwe-pkm-proyek-2024-k1\\MainPage\\vendor\\laravel\\framework\\src\\Illuminate\\Foundation\\Http\\Kernel.php(201): Illuminate\\Routing\\Router->dispatch()
#38 D:\\Proyek SMA 1\\pabwe-pkm-proyek-2024-k1\\MainPage\\vendor\\laravel\\framework\\src\\Illuminate\\Pipeline\\Pipeline.php(144): Illuminate\\Foundation\\Http\\Kernel->Illuminate\\Foundation\\Http\\{closure}()
#39 D:\\Proyek SMA 1\\pabwe-pkm-proyek-2024-k1\\MainPage\\vendor\\laravel\\framework\\src\\Illuminate\\Foundation\\Http\\Middleware\\TransformsRequest.php(21): Illuminate\\Pipeline\\Pipeline->Illuminate\\Pipeline\\{closure}()
#40 D:\\Proyek SMA 1\\pabwe-pkm-proyek-2024-k1\\MainPage\\vendor\\laravel\\framework\\src\\Illuminate\\Foundation\\Http\\Middleware\\ConvertEmptyStringsToNull.php(31): Illuminate\\Foundation\\Http\\Middleware\\TransformsRequest->handle()
#41 D:\\Proyek SMA 1\\pabwe-pkm-proyek-2024-k1\\MainPage\\vendor\\laravel\\framework\\src\\Illuminate\\Pipeline\\Pipeline.php(183): Illuminate\\Foundation\\Http\\Middleware\\ConvertEmptyStringsToNull->handle()
#42 D:\\Proyek SMA 1\\pabwe-pkm-proyek-2024-k1\\MainPage\\vendor\\laravel\\framework\\src\\Illuminate\\Foundation\\Http\\Middleware\\TransformsRequest.php(21): Illuminate\\Pipeline\\Pipeline->Illuminate\\Pipeline\\{closure}()
#43 D:\\Proyek SMA 1\\pabwe-pkm-proyek-2024-k1\\MainPage\\vendor\\laravel\\framework\\src\\Illuminate\\Foundation\\Http\\Middleware\\TrimStrings.php(51): Illuminate\\Foundation\\Http\\Middleware\\TransformsRequest->handle()
#44 D:\\Proyek SMA 1\\pabwe-pkm-proyek-2024-k1\\MainPage\\vendor\\laravel\\framework\\src\\Illuminate\\Pipeline\\Pipeline.php(183): Illuminate\\Foundation\\Http\\Middleware\\TrimStrings->handle()
#45 D:\\Proyek SMA 1\\pabwe-pkm-proyek-2024-k1\\MainPage\\vendor\\laravel\\framework\\src\\Illuminate\\Http\\Middleware\\ValidatePostSize.php(27): Illuminate\\Pipeline\\Pipeline->Illuminate\\Pipeline\\{closure}()
#46 D:\\Proyek SMA 1\\pabwe-pkm-proyek-2024-k1\\MainPage\\vendor\\laravel\\framework\\src\\Illuminate\\Pipeline\\Pipeline.php(183): Illuminate\\Http\\Middleware\\ValidatePostSize->handle()
#47 D:\\Proyek SMA 1\\pabwe-pkm-proyek-2024-k1\\MainPage\\vendor\\laravel\\framework\\src\\Illuminate\\Foundation\\Http\\Middleware\\PreventRequestsDuringMaintenance.php(110): Illuminate\\Pipeline\\Pipeline->Illuminate\\Pipeline\\{closure}()
#48 D:\\Proyek SMA 1\\pabwe-pkm-proyek-2024-k1\\MainPage\\vendor\\laravel\\framework\\src\\Illuminate\\Pipeline\\Pipeline.php(183): Illuminate\\Foundation\\Http\\Middleware\\PreventRequestsDuringMaintenance->handle()
#49 D:\\Proyek SMA 1\\pabwe-pkm-proyek-2024-k1\\MainPage\\vendor\\laravel\\framework\\src\\Illuminate\\Http\\Middleware\\HandleCors.php(49): Illuminate\\Pipeline\\Pipeline->Illuminate\\Pipeline\\{closure}()
#50 D:\\Proyek SMA 1\\pabwe-pkm-proyek-2024-k1\\MainPage\\vendor\\laravel\\framework\\src\\Illuminate\\Pipeline\\Pipeline.php(183): Illuminate\\Http\\Middleware\\HandleCors->handle()
#51 D:\\Proyek SMA 1\\pabwe-pkm-proyek-2024-k1\\MainPage\\vendor\\laravel\\framework\\src\\Illuminate\\Http\\Middleware\\TrustProxies.php(58): Illuminate\\Pipeline\\Pipeline->Illuminate\\Pipeline\\{closure}()
#52 D:\\Proyek SMA 1\\pabwe-pkm-proyek-2024-k1\\MainPage\\vendor\\laravel\\framework\\src\\Illuminate\\Pipeline\\Pipeline.php(183): Illuminate\\Http\\Middleware\\TrustProxies->handle()
#53 D:\\Proyek SMA 1\\pabwe-pkm-proyek-2024-k1\\MainPage\\vendor\\laravel\\framework\\src\\Illuminate\\Foundation\\Http\\Middleware\\InvokeDeferredCallbacks.php(22): Illuminate\\Pipeline\\Pipeline->Illuminate\\Pipeline\\{closure}()
#54 D:\\Proyek SMA 1\\pabwe-pkm-proyek-2024-k1\\MainPage\\vendor\\laravel\\framework\\src\\Illuminate\\Pipeline\\Pipeline.php(183): Illuminate\\Foundation\\Http\\Middleware\\InvokeDeferredCallbacks->handle()
#55 D:\\Proyek SMA 1\\pabwe-pkm-proyek-2024-k1\\MainPage\\vendor\\laravel\\framework\\src\\Illuminate\\Pipeline\\Pipeline.php(119): Illuminate\\Pipeline\\Pipeline->Illuminate\\Pipeline\\{closure}()
#56 D:\\Proyek SMA 1\\pabwe-pkm-proyek-2024-k1\\MainPage\\vendor\\laravel\\framework\\src\\Illuminate\\Foundation\\Http\\Kernel.php(176): Illuminate\\Pipeline\\Pipeline->then()
#57 D:\\Proyek SMA 1\\pabwe-pkm-proyek-2024-k1\\MainPage\\vendor\\laravel\\framework\\src\\Illuminate\\Foundation\\Http\\Kernel.php(145): Illuminate\\Foundation\\Http\\Kernel->sendRequestThroughRouter()
#58 D:\\Proyek SMA 1\\pabwe-pkm-proyek-2024-k1\\MainPage\\vendor\\laravel\\framework\\src\\Illuminate\\Foundation\\Application.php(1188): Illuminate\\Foundation\\Http\\Kernel->handle()
#59 D:\\Proyek SMA 1\\pabwe-pkm-proyek-2024-k1\\MainPage\\public\\index.php(17): Illuminate\\Foundation\\Application->handleRequest()
#60 D:\\Proyek SMA 1\\pabwe-pkm-proyek-2024-k1\\MainPage\\vendor\\laravel\\framework\\src\\Illuminate\\Foundation\\resources\\server.php(23): require_once('...')
#61 {main}

[previous exception] [object] (PDOException(code: 42S02): SQLSTATE[42S02]: Base table or view not found: 1146 Table 'pabwe_todo.basic_infos' doesn't exist at D:\\Proyek SMA 1\\pabwe-pkm-proyek-2024-k1\\MainPage\\vendor\\laravel\\framework\\src\\Illuminate\\Database\\Connection.php:407)
[stacktrace]
#0 D:\\Proyek SMA 1\\pabwe-pkm-proyek-2024-k1\\MainPage\\vendor\\laravel\\framework\\src\\Illuminate\\Database\\Connection.php(407): PDO->prepare()
#1 D:\\Proyek SMA 1\\pabwe-pkm-proyek-2024-k1\\MainPage\\vendor\\laravel\\framework\\src\\Illuminate\\Database\\Connection.php(812): Illuminate\\Database\\Connection->Illuminate\\Database\\{closure}()
#2 D:\\Proyek SMA 1\\pabwe-pkm-proyek-2024-k1\\MainPage\\vendor\\laravel\\framework\\src\\Illuminate\\Database\\Connection.php(779): Illuminate\\Database\\Connection->runQueryCallback()
#3 D:\\Proyek SMA 1\\pabwe-pkm-proyek-2024-k1\\MainPage\\vendor\\laravel\\framework\\src\\Illuminate\\Database\\Connection.php(398): Illuminate\\Database\\Connection->run()
#4 D:\\Proyek SMA 1\\pabwe-pkm-proyek-2024-k1\\MainPage\\vendor\\laravel\\framework\\src\\Illuminate\\Database\\Query\\Builder.php(3132): Illuminate\\Database\\Connection->select()
#5 D:\\Proyek SMA 1\\pabwe-pkm-proyek-2024-k1\\MainPage\\vendor\\laravel\\framework\\src\\Illuminate\\Database\\Query\\Builder.php(3117): Illuminate\\Database\\Query\\Builder->runSelect()
#6 D:\\Proyek SMA 1\\pabwe-pkm-proyek-2024-k1\\MainPage\\vendor\\laravel\\framework\\src\\Illuminate\\Database\\Query\\Builder.php(3705): Illuminate\\Database\\Query\\Builder->Illuminate\\Database\\Query\\{closure}()
#7 D:\\Proyek SMA 1\\pabwe-pkm-proyek-2024-k1\\MainPage\\vendor\\laravel\\framework\\src\\Illuminate\\Database\\Query\\Builder.php(3116): Illuminate\\Database\\Query\\Builder->onceWithColumns()
#8 D:\\Proyek SMA 1\\pabwe-pkm-proyek-2024-k1\\MainPage\\vendor\\laravel\\framework\\src\\Illuminate\\Database\\Eloquent\\Builder.php(759): Illuminate\\Database\\Query\\Builder->get()
#9 D:\\Proyek SMA 1\\pabwe-pkm-proyek-2024-k1\\MainPage\\vendor\\laravel\\framework\\src\\Illuminate\\Database\\Eloquent\\Builder.php(741): Illuminate\\Database\\Eloquent\\Builder->getModels()
#10 D:\\Proyek SMA 1\\pabwe-pkm-proyek-2024-k1\\MainPage\\vendor\\laravel\\framework\\src\\Illuminate\\Database\\Concerns\\BuildsQueries.php(344): Illuminate\\Database\\Eloquent\\Builder->get()
#11 D:\\Proyek SMA 1\\pabwe-pkm-proyek-2024-k1\\MainPage\\vendor\\laravel\\framework\\src\\Illuminate\\Support\\Traits\\ForwardsCalls.php(23): Illuminate\\Database\\Eloquent\\Builder->first()
#12 D:\\Proyek SMA 1\\pabwe-pkm-proyek-2024-k1\\MainPage\\vendor\\laravel\\framework\\src\\Illuminate\\Database\\Eloquent\\Model.php(2367): Illuminate\\Database\\Eloquent\\Model->forwardCallTo()
#13 D:\\Proyek SMA 1\\pabwe-pkm-proyek-2024-k1\\MainPage\\vendor\\laravel\\framework\\src\\Illuminate\\Database\\Eloquent\\Model.php(2379): Illuminate\\Database\\Eloquent\\Model->__call()
#14 D:\\Proyek SMA 1\\pabwe-pkm-proyek-2024-k1\\MainPage\\app\\Http\\Controllers\\ProfilController.php(39): Illuminate\\Database\\Eloquent\\Model::__callStatic()
#15 D:\\Proyek SMA 1\\pabwe-pkm-proyek-2024-k1\\MainPage\\vendor\\laravel\\framework\\src\\Illuminate\\Routing\\Controller.php(54): App\\Http\\Controllers\\ProfilController->struktur_organisasi()
#16 D:\\Proyek SMA 1\\pabwe-pkm-proyek-2024-k1\\MainPage\\vendor\\laravel\\framework\\src\\Illuminate\\Routing\\ControllerDispatcher.php(43): Illuminate\\Routing\\Controller->callAction()
#17 D:\\Proyek SMA 1\\pabwe-pkm-proyek-2024-k1\\MainPage\\vendor\\laravel\\framework\\src\\Illuminate\\Routing\\Route.php(264): Illuminate\\Routing\\ControllerDispatcher->dispatch()
#18 D:\\Proyek SMA 1\\pabwe-pkm-proyek-2024-k1\\MainPage\\vendor\\laravel\\framework\\src\\Illuminate\\Routing\\Route.php(210): Illuminate\\Routing\\Route->runController()
#19 D:\\Proyek SMA 1\\pabwe-pkm-proyek-2024-k1\\MainPage\\vendor\\laravel\\framework\\src\\Illuminate\\Routing\\Router.php(808): Illuminate\\Routing\\Route->run()
#20 D:\\Proyek SMA 1\\pabwe-pkm-proyek-2024-k1\\MainPage\\vendor\\laravel\\framework\\src\\Illuminate\\Pipeline\\Pipeline.php(144): Illuminate\\Routing\\Router->Illuminate\\Routing\\{closure}()
#21 D:\\Proyek SMA 1\\pabwe-pkm-proyek-2024-k1\\MainPage\\vendor\\laravel\\framework\\src\\Illuminate\\Routing\\Middleware\\SubstituteBindings.php(51): Illuminate\\Pipeline\\Pipeline->Illuminate\\Pipeline\\{closure}()
#22 D:\\Proyek SMA 1\\pabwe-pkm-proyek-2024-k1\\MainPage\\vendor\\laravel\\framework\\src\\Illuminate\\Pipeline\\Pipeline.php(183): Illuminate\\Routing\\Middleware\\SubstituteBindings->handle()
#23 D:\\Proyek SMA 1\\pabwe-pkm-proyek-2024-k1\\MainPage\\vendor\\laravel\\framework\\src\\Illuminate\\Foundation\\Http\\Middleware\\VerifyCsrfToken.php(88): Illuminate\\Pipeline\\Pipeline->Illuminate\\Pipeline\\{closure}()
#24 D:\\Proyek SMA 1\\pabwe-pkm-proyek-2024-k1\\MainPage\\vendor\\laravel\\framework\\src\\Illuminate\\Pipeline\\Pipeline.php(183): Illuminate\\Foundation\\Http\\Middleware\\VerifyCsrfToken->handle()
#25 D:\\Proyek SMA 1\\pabwe-pkm-proyek-2024-k1\\MainPage\\vendor\\laravel\\framework\\src\\Illuminate\\View\\Middleware\\ShareErrorsFromSession.php(49): Illuminate\\Pipeline\\Pipeline->Illuminate\\Pipeline\\{closure}()
#26 D:\\Proyek SMA 1\\pabwe-pkm-proyek-2024-k1\\MainPage\\vendor\\laravel\\framework\\src\\Illuminate\\Pipeline\\Pipeline.php(183): Illuminate\\View\\Middleware\\ShareErrorsFromSession->handle()
#27 D:\\Proyek SMA 1\\pabwe-pkm-proyek-2024-k1\\MainPage\\vendor\\laravel\\framework\\src\\Illuminate\\Session\\Middleware\\StartSession.php(121): Illuminate\\Pipeline\\Pipeline->Illuminate\\Pipeline\\{closure}()
#28 D:\\Proyek SMA 1\\pabwe-pkm-proyek-2024-k1\\MainPage\\vendor\\laravel\\framework\\src\\Illuminate\\Session\\Middleware\\StartSession.php(64): Illuminate\\Session\\Middleware\\StartSession->handleStatefulRequest()
#29 D:\\Proyek SMA 1\\pabwe-pkm-proyek-2024-k1\\MainPage\\vendor\\laravel\\framework\\src\\Illuminate\\Pipeline\\Pipeline.php(183): Illuminate\\Session\\Middleware\\StartSession->handle()
#30 D:\\Proyek SMA 1\\pabwe-pkm-proyek-2024-k1\\MainPage\\vendor\\laravel\\framework\\src\\Illuminate\\Cookie\\Middleware\\AddQueuedCookiesToResponse.php(37): Illuminate\\Pipeline\\Pipeline->Illuminate\\Pipeline\\{closure}()
#31 D:\\Proyek SMA 1\\pabwe-pkm-proyek-2024-k1\\MainPage\\vendor\\laravel\\framework\\src\\Illuminate\\Pipeline\\Pipeline.php(183): Illuminate\\Cookie\\Middleware\\AddQueuedCookiesToResponse->handle()
#32 D:\\Proyek SMA 1\\pabwe-pkm-proyek-2024-k1\\MainPage\\vendor\\laravel\\framework\\src\\Illuminate\\Cookie\\Middleware\\EncryptCookies.php(75): Illuminate\\Pipeline\\Pipeline->Illuminate\\Pipeline\\{closure}()
#33 D:\\Proyek SMA 1\\pabwe-pkm-proyek-2024-k1\\MainPage\\vendor\\laravel\\framework\\src\\Illuminate\\Pipeline\\Pipeline.php(183): Illuminate\\Cookie\\Middleware\\EncryptCookies->handle()
#34 D:\\Proyek SMA 1\\pabwe-pkm-proyek-2024-k1\\MainPage\\vendor\\laravel\\framework\\src\\Illuminate\\Pipeline\\Pipeline.php(119): Illuminate\\Pipeline\\Pipeline->Illuminate\\Pipeline\\{closure}()
#35 D:\\Proyek SMA 1\\pabwe-pkm-proyek-2024-k1\\MainPage\\vendor\\laravel\\framework\\src\\Illuminate\\Routing\\Router.php(807): Illuminate\\Pipeline\\Pipeline->then()
#36 D:\\Proyek SMA 1\\pabwe-pkm-proyek-2024-k1\\MainPage\\vendor\\laravel\\framework\\src\\Illuminate\\Routing\\Router.php(786): Illuminate\\Routing\\Router->runRouteWithinStack()
#37 D:\\Proyek SMA 1\\pabwe-pkm-proyek-2024-k1\\MainPage\\vendor\\laravel\\framework\\src\\Illuminate\\Routing\\Router.php(750): Illuminate\\Routing\\Router->runRoute()
#38 D:\\Proyek SMA 1\\pabwe-pkm-proyek-2024-k1\\MainPage\\vendor\\laravel\\framework\\src\\Illuminate\\Routing\\Router.php(739): Illuminate\\Routing\\Router->dispatchToRoute()
#39 D:\\Proyek SMA 1\\pabwe-pkm-proyek-2024-k1\\MainPage\\vendor\\laravel\\framework\\src\\Illuminate\\Foundation\\Http\\Kernel.php(201): Illuminate\\Routing\\Router->dispatch()
#40 D:\\Proyek SMA 1\\pabwe-pkm-proyek-2024-k1\\MainPage\\vendor\\laravel\\framework\\src\\Illuminate\\Pipeline\\Pipeline.php(144): Illuminate\\Foundation\\Http\\Kernel->Illuminate\\Foundation\\Http\\{closure}()
#41 D:\\Proyek SMA 1\\pabwe-pkm-proyek-2024-k1\\MainPage\\vendor\\laravel\\framework\\src\\Illuminate\\Foundation\\Http\\Middleware\\TransformsRequest.php(21): Illuminate\\Pipeline\\Pipeline->Illuminate\\Pipeline\\{closure}()
#42 D:\\Proyek SMA 1\\pabwe-pkm-proyek-2024-k1\\MainPage\\vendor\\laravel\\framework\\src\\Illuminate\\Foundation\\Http\\Middleware\\ConvertEmptyStringsToNull.php(31): Illuminate\\Foundation\\Http\\Middleware\\TransformsRequest->handle()
#43 D:\\Proyek SMA 1\\pabwe-pkm-proyek-2024-k1\\MainPage\\vendor\\laravel\\framework\\src\\Illuminate\\Pipeline\\Pipeline.php(183): Illuminate\\Foundation\\Http\\Middleware\\ConvertEmptyStringsToNull->handle()
#44 D:\\Proyek SMA 1\\pabwe-pkm-proyek-2024-k1\\MainPage\\vendor\\laravel\\framework\\src\\Illuminate\\Foundation\\Http\\Middleware\\TransformsRequest.php(21): Illuminate\\Pipeline\\Pipeline->Illuminate\\Pipeline\\{closure}()
#45 D:\\Proyek SMA 1\\pabwe-pkm-proyek-2024-k1\\MainPage\\vendor\\laravel\\framework\\src\\Illuminate\\Foundation\\Http\\Middleware\\TrimStrings.php(51): Illuminate\\Foundation\\Http\\Middleware\\TransformsRequest->handle()
#46 D:\\Proyek SMA 1\\pabwe-pkm-proyek-2024-k1\\MainPage\\vendor\\laravel\\framework\\src\\Illuminate\\Pipeline\\Pipeline.php(183): Illuminate\\Foundation\\Http\\Middleware\\TrimStrings->handle()
#47 D:\\Proyek SMA 1\\pabwe-pkm-proyek-2024-k1\\MainPage\\vendor\\laravel\\framework\\src\\Illuminate\\Http\\Middleware\\ValidatePostSize.php(27): Illuminate\\Pipeline\\Pipeline->Illuminate\\Pipeline\\{closure}()
#48 D:\\Proyek SMA 1\\pabwe-pkm-proyek-2024-k1\\MainPage\\vendor\\laravel\\framework\\src\\Illuminate\\Pipeline\\Pipeline.php(183): Illuminate\\Http\\Middleware\\ValidatePostSize->handle()
#49 D:\\Proyek SMA 1\\pabwe-pkm-proyek-2024-k1\\MainPage\\vendor\\laravel\\framework\\src\\Illuminate\\Foundation\\Http\\Middleware\\PreventRequestsDuringMaintenance.php(110): Illuminate\\Pipeline\\Pipeline->Illuminate\\Pipeline\\{closure}()
#50 D:\\Proyek SMA 1\\pabwe-pkm-proyek-2024-k1\\MainPage\\vendor\\laravel\\framework\\src\\Illuminate\\Pipeline\\Pipeline.php(183): Illuminate\\Foundation\\Http\\Middleware\\PreventRequestsDuringMaintenance->handle()
#51 D:\\Proyek SMA 1\\pabwe-pkm-proyek-2024-k1\\MainPage\\vendor\\laravel\\framework\\src\\Illuminate\\Http\\Middleware\\HandleCors.php(49): Illuminate\\Pipeline\\Pipeline->Illuminate\\Pipeline\\{closure}()
#52 D:\\Proyek SMA 1\\pabwe-pkm-proyek-2024-k1\\MainPage\\vendor\\laravel\\framework\\src\\Illuminate\\Pipeline\\Pipeline.php(183): Illuminate\\Http\\Middleware\\HandleCors->handle()
#53 D:\\Proyek SMA 1\\pabwe-pkm-proyek-2024-k1\\MainPage\\vendor\\laravel\\framework\\src\\Illuminate\\Http\\Middleware\\TrustProxies.php(58): Illuminate\\Pipeline\\Pipeline->Illuminate\\Pipeline\\{closure}()
#54 D:\\Proyek SMA 1\\pabwe-pkm-proyek-2024-k1\\MainPage\\vendor\\laravel\\framework\\src\\Illuminate\\Pipeline\\Pipeline.php(183): Illuminate\\Http\\Middleware\\TrustProxies->handle()
#55 D:\\Proyek SMA 1\\pabwe-pkm-proyek-2024-k1\\MainPage\\vendor\\laravel\\framework\\src\\Illuminate\\Foundation\\Http\\Middleware\\InvokeDeferredCallbacks.php(22): Illuminate\\Pipeline\\Pipeline->Illuminate\\Pipeline\\{closure}()
#56 D:\\Proyek SMA 1\\pabwe-pkm-proyek-2024-k1\\MainPage\\vendor\\laravel\\framework\\src\\Illuminate\\Pipeline\\Pipeline.php(183): Illuminate\\Foundation\\Http\\Middleware\\InvokeDeferredCallbacks->handle()
#57 D:\\Proyek SMA 1\\pabwe-pkm-proyek-2024-k1\\MainPage\\vendor\\laravel\\framework\\src\\Illuminate\\Pipeline\\Pipeline.php(119): Illuminate\\Pipeline\\Pipeline->Illuminate\\Pipeline\\{closure}()
#58 D:\\Proyek SMA 1\\pabwe-pkm-proyek-2024-k1\\MainPage\\vendor\\laravel\\framework\\src\\Illuminate\\Foundation\\Http\\Kernel.php(176): Illuminate\\Pipeline\\Pipeline->then()
#59 D:\\Proyek SMA 1\\pabwe-pkm-proyek-2024-k1\\MainPage\\vendor\\laravel\\framework\\src\\Illuminate\\Foundation\\Http\\Kernel.php(145): Illuminate\\Foundation\\Http\\Kernel->sendRequestThroughRouter()
#60 D:\\Proyek SMA 1\\pabwe-pkm-proyek-2024-k1\\MainPage\\vendor\\laravel\\framework\\src\\Illuminate\\Foundation\\Application.php(1188): Illuminate\\Foundation\\Http\\Kernel->handle()
#61 D:\\Proyek SMA 1\\pabwe-pkm-proyek-2024-k1\\MainPage\\public\\index.php(17): Illuminate\\Foundation\\Application->handleRequest()
#62 D:\\Proyek SMA 1\\pabwe-pkm-proyek-2024-k1\\MainPage\\vendor\\laravel\\framework\\src\\Illuminate\\Foundation\\resources\\server.php(23): require_once('...')
#63 {main}
"} 
[2024-11-14 08:02:01] local.ERROR: Method App\Http\Controllers\PlatformKamiController::sis does not exist. {"exception":"[object] (BadMethodCallException(code: 0): Method App\\Http\\Controllers\\PlatformKamiController::sis does not exist. at D:\\Proyek SMA 1\\pabwe-pkm-proyek-2024-k1\\MainPage\\vendor\\laravel\\framework\\src\\Illuminate\\Routing\\Controller.php:68)
[stacktrace]
#0 D:\\Proyek SMA 1\\pabwe-pkm-proyek-2024-k1\\MainPage\\vendor\\laravel\\framework\\src\\Illuminate\\Routing\\Controller.php(54): Illuminate\\Routing\\Controller->__call()
#1 D:\\Proyek SMA 1\\pabwe-pkm-proyek-2024-k1\\MainPage\\vendor\\laravel\\framework\\src\\Illuminate\\Routing\\ControllerDispatcher.php(43): Illuminate\\Routing\\Controller->callAction()
#2 D:\\Proyek SMA 1\\pabwe-pkm-proyek-2024-k1\\MainPage\\vendor\\laravel\\framework\\src\\Illuminate\\Routing\\Route.php(264): Illuminate\\Routing\\ControllerDispatcher->dispatch()
#3 D:\\Proyek SMA 1\\pabwe-pkm-proyek-2024-k1\\MainPage\\vendor\\laravel\\framework\\src\\Illuminate\\Routing\\Route.php(210): Illuminate\\Routing\\Route->runController()
#4 D:\\Proyek SMA 1\\pabwe-pkm-proyek-2024-k1\\MainPage\\vendor\\laravel\\framework\\src\\Illuminate\\Routing\\Router.php(808): Illuminate\\Routing\\Route->run()
#5 D:\\Proyek SMA 1\\pabwe-pkm-proyek-2024-k1\\MainPage\\vendor\\laravel\\framework\\src\\Illuminate\\Pipeline\\Pipeline.php(144): Illuminate\\Routing\\Router->Illuminate\\Routing\\{closure}()
#6 D:\\Proyek SMA 1\\pabwe-pkm-proyek-2024-k1\\MainPage\\vendor\\laravel\\framework\\src\\Illuminate\\Routing\\Middleware\\SubstituteBindings.php(51): Illuminate\\Pipeline\\Pipeline->Illuminate\\Pipeline\\{closure}()
#7 D:\\Proyek SMA 1\\pabwe-pkm-proyek-2024-k1\\MainPage\\vendor\\laravel\\framework\\src\\Illuminate\\Pipeline\\Pipeline.php(183): Illuminate\\Routing\\Middleware\\SubstituteBindings->handle()
#8 D:\\Proyek SMA 1\\pabwe-pkm-proyek-2024-k1\\MainPage\\vendor\\laravel\\framework\\src\\Illuminate\\Foundation\\Http\\Middleware\\VerifyCsrfToken.php(88): Illuminate\\Pipeline\\Pipeline->Illuminate\\Pipeline\\{closure}()
#9 D:\\Proyek SMA 1\\pabwe-pkm-proyek-2024-k1\\MainPage\\vendor\\laravel\\framework\\src\\Illuminate\\Pipeline\\Pipeline.php(183): Illuminate\\Foundation\\Http\\Middleware\\VerifyCsrfToken->handle()
#10 D:\\Proyek SMA 1\\pabwe-pkm-proyek-2024-k1\\MainPage\\vendor\\laravel\\framework\\src\\Illuminate\\View\\Middleware\\ShareErrorsFromSession.php(49): Illuminate\\Pipeline\\Pipeline->Illuminate\\Pipeline\\{closure}()
#11 D:\\Proyek SMA 1\\pabwe-pkm-proyek-2024-k1\\MainPage\\vendor\\laravel\\framework\\src\\Illuminate\\Pipeline\\Pipeline.php(183): Illuminate\\View\\Middleware\\ShareErrorsFromSession->handle()
#12 D:\\Proyek SMA 1\\pabwe-pkm-proyek-2024-k1\\MainPage\\vendor\\laravel\\framework\\src\\Illuminate\\Session\\Middleware\\StartSession.php(121): Illuminate\\Pipeline\\Pipeline->Illuminate\\Pipeline\\{closure}()
#13 D:\\Proyek SMA 1\\pabwe-pkm-proyek-2024-k1\\MainPage\\vendor\\laravel\\framework\\src\\Illuminate\\Session\\Middleware\\StartSession.php(64): Illuminate\\Session\\Middleware\\StartSession->handleStatefulRequest()
#14 D:\\Proyek SMA 1\\pabwe-pkm-proyek-2024-k1\\MainPage\\vendor\\laravel\\framework\\src\\Illuminate\\Pipeline\\Pipeline.php(183): Illuminate\\Session\\Middleware\\StartSession->handle()
#15 D:\\Proyek SMA 1\\pabwe-pkm-proyek-2024-k1\\MainPage\\vendor\\laravel\\framework\\src\\Illuminate\\Cookie\\Middleware\\AddQueuedCookiesToResponse.php(37): Illuminate\\Pipeline\\Pipeline->Illuminate\\Pipeline\\{closure}()
#16 D:\\Proyek SMA 1\\pabwe-pkm-proyek-2024-k1\\MainPage\\vendor\\laravel\\framework\\src\\Illuminate\\Pipeline\\Pipeline.php(183): Illuminate\\Cookie\\Middleware\\AddQueuedCookiesToResponse->handle()
#17 D:\\Proyek SMA 1\\pabwe-pkm-proyek-2024-k1\\MainPage\\vendor\\laravel\\framework\\src\\Illuminate\\Cookie\\Middleware\\EncryptCookies.php(75): Illuminate\\Pipeline\\Pipeline->Illuminate\\Pipeline\\{closure}()
#18 D:\\Proyek SMA 1\\pabwe-pkm-proyek-2024-k1\\MainPage\\vendor\\laravel\\framework\\src\\Illuminate\\Pipeline\\Pipeline.php(183): Illuminate\\Cookie\\Middleware\\EncryptCookies->handle()
#19 D:\\Proyek SMA 1\\pabwe-pkm-proyek-2024-k1\\MainPage\\vendor\\laravel\\framework\\src\\Illuminate\\Pipeline\\Pipeline.php(119): Illuminate\\Pipeline\\Pipeline->Illuminate\\Pipeline\\{closure}()
#20 D:\\Proyek SMA 1\\pabwe-pkm-proyek-2024-k1\\MainPage\\vendor\\laravel\\framework\\src\\Illuminate\\Routing\\Router.php(807): Illuminate\\Pipeline\\Pipeline->then()
#21 D:\\Proyek SMA 1\\pabwe-pkm-proyek-2024-k1\\MainPage\\vendor\\laravel\\framework\\src\\Illuminate\\Routing\\Router.php(786): Illuminate\\Routing\\Router->runRouteWithinStack()
#22 D:\\Proyek SMA 1\\pabwe-pkm-proyek-2024-k1\\MainPage\\vendor\\laravel\\framework\\src\\Illuminate\\Routing\\Router.php(750): Illuminate\\Routing\\Router->runRoute()
#23 D:\\Proyek SMA 1\\pabwe-pkm-proyek-2024-k1\\MainPage\\vendor\\laravel\\framework\\src\\Illuminate\\Routing\\Router.php(739): Illuminate\\Routing\\Router->dispatchToRoute()
#24 D:\\Proyek SMA 1\\pabwe-pkm-proyek-2024-k1\\MainPage\\vendor\\laravel\\framework\\src\\Illuminate\\Foundation\\Http\\Kernel.php(201): Illuminate\\Routing\\Router->dispatch()
#25 D:\\Proyek SMA 1\\pabwe-pkm-proyek-2024-k1\\MainPage\\vendor\\laravel\\framework\\src\\Illuminate\\Pipeline\\Pipeline.php(144): Illuminate\\Foundation\\Http\\Kernel->Illuminate\\Foundation\\Http\\{closure}()
#26 D:\\Proyek SMA 1\\pabwe-pkm-proyek-2024-k1\\MainPage\\vendor\\laravel\\framework\\src\\Illuminate\\Foundation\\Http\\Middleware\\TransformsRequest.php(21): Illuminate\\Pipeline\\Pipeline->Illuminate\\Pipeline\\{closure}()
#27 D:\\Proyek SMA 1\\pabwe-pkm-proyek-2024-k1\\MainPage\\vendor\\laravel\\framework\\src\\Illuminate\\Foundation\\Http\\Middleware\\ConvertEmptyStringsToNull.php(31): Illuminate\\Foundation\\Http\\Middleware\\TransformsRequest->handle()
#28 D:\\Proyek SMA 1\\pabwe-pkm-proyek-2024-k1\\MainPage\\vendor\\laravel\\framework\\src\\Illuminate\\Pipeline\\Pipeline.php(183): Illuminate\\Foundation\\Http\\Middleware\\ConvertEmptyStringsToNull->handle()
#29 D:\\Proyek SMA 1\\pabwe-pkm-proyek-2024-k1\\MainPage\\vendor\\laravel\\framework\\src\\Illuminate\\Foundation\\Http\\Middleware\\TransformsRequest.php(21): Illuminate\\Pipeline\\Pipeline->Illuminate\\Pipeline\\{closure}()
#30 D:\\Proyek SMA 1\\pabwe-pkm-proyek-2024-k1\\MainPage\\vendor\\laravel\\framework\\src\\Illuminate\\Foundation\\Http\\Middleware\\TrimStrings.php(51): Illuminate\\Foundation\\Http\\Middleware\\TransformsRequest->handle()
#31 D:\\Proyek SMA 1\\pabwe-pkm-proyek-2024-k1\\MainPage\\vendor\\laravel\\framework\\src\\Illuminate\\Pipeline\\Pipeline.php(183): Illuminate\\Foundation\\Http\\Middleware\\TrimStrings->handle()
#32 D:\\Proyek SMA 1\\pabwe-pkm-proyek-2024-k1\\MainPage\\vendor\\laravel\\framework\\src\\Illuminate\\Http\\Middleware\\ValidatePostSize.php(27): Illuminate\\Pipeline\\Pipeline->Illuminate\\Pipeline\\{closure}()
#33 D:\\Proyek SMA 1\\pabwe-pkm-proyek-2024-k1\\MainPage\\vendor\\laravel\\framework\\src\\Illuminate\\Pipeline\\Pipeline.php(183): Illuminate\\Http\\Middleware\\ValidatePostSize->handle()
#34 D:\\Proyek SMA 1\\pabwe-pkm-proyek-2024-k1\\MainPage\\vendor\\laravel\\framework\\src\\Illuminate\\Foundation\\Http\\Middleware\\PreventRequestsDuringMaintenance.php(110): Illuminate\\Pipeline\\Pipeline->Illuminate\\Pipeline\\{closure}()
#35 D:\\Proyek SMA 1\\pabwe-pkm-proyek-2024-k1\\MainPage\\vendor\\laravel\\framework\\src\\Illuminate\\Pipeline\\Pipeline.php(183): Illuminate\\Foundation\\Http\\Middleware\\PreventRequestsDuringMaintenance->handle()
#36 D:\\Proyek SMA 1\\pabwe-pkm-proyek-2024-k1\\MainPage\\vendor\\laravel\\framework\\src\\Illuminate\\Http\\Middleware\\HandleCors.php(49): Illuminate\\Pipeline\\Pipeline->Illuminate\\Pipeline\\{closure}()
#37 D:\\Proyek SMA 1\\pabwe-pkm-proyek-2024-k1\\MainPage\\vendor\\laravel\\framework\\src\\Illuminate\\Pipeline\\Pipeline.php(183): Illuminate\\Http\\Middleware\\HandleCors->handle()
#38 D:\\Proyek SMA 1\\pabwe-pkm-proyek-2024-k1\\MainPage\\vendor\\laravel\\framework\\src\\Illuminate\\Http\\Middleware\\TrustProxies.php(58): Illuminate\\Pipeline\\Pipeline->Illuminate\\Pipeline\\{closure}()
#39 D:\\Proyek SMA 1\\pabwe-pkm-proyek-2024-k1\\MainPage\\vendor\\laravel\\framework\\src\\Illuminate\\Pipeline\\Pipeline.php(183): Illuminate\\Http\\Middleware\\TrustProxies->handle()
#40 D:\\Proyek SMA 1\\pabwe-pkm-proyek-2024-k1\\MainPage\\vendor\\laravel\\framework\\src\\Illuminate\\Foundation\\Http\\Middleware\\InvokeDeferredCallbacks.php(22): Illuminate\\Pipeline\\Pipeline->Illuminate\\Pipeline\\{closure}()
#41 D:\\Proyek SMA 1\\pabwe-pkm-proyek-2024-k1\\MainPage\\vendor\\laravel\\framework\\src\\Illuminate\\Pipeline\\Pipeline.php(183): Illuminate\\Foundation\\Http\\Middleware\\InvokeDeferredCallbacks->handle()
#42 D:\\Proyek SMA 1\\pabwe-pkm-proyek-2024-k1\\MainPage\\vendor\\laravel\\framework\\src\\Illuminate\\Pipeline\\Pipeline.php(119): Illuminate\\Pipeline\\Pipeline->Illuminate\\Pipeline\\{closure}()
#43 D:\\Proyek SMA 1\\pabwe-pkm-proyek-2024-k1\\MainPage\\vendor\\laravel\\framework\\src\\Illuminate\\Foundation\\Http\\Kernel.php(176): Illuminate\\Pipeline\\Pipeline->then()
#44 D:\\Proyek SMA 1\\pabwe-pkm-proyek-2024-k1\\MainPage\\vendor\\laravel\\framework\\src\\Illuminate\\Foundation\\Http\\Kernel.php(145): Illuminate\\Foundation\\Http\\Kernel->sendRequestThroughRouter()
#45 D:\\Proyek SMA 1\\pabwe-pkm-proyek-2024-k1\\MainPage\\vendor\\laravel\\framework\\src\\Illuminate\\Foundation\\Application.php(1188): Illuminate\\Foundation\\Http\\Kernel->handle()
#46 D:\\Proyek SMA 1\\pabwe-pkm-proyek-2024-k1\\MainPage\\public\\index.php(17): Illuminate\\Foundation\\Application->handleRequest()
#47 D:\\Proyek SMA 1\\pabwe-pkm-proyek-2024-k1\\MainPage\\vendor\\laravel\\framework\\src\\Illuminate\\Foundation\\resources\\server.php(23): require_once('...')
#48 {main}
"} 
