[2024-11-16 00:43:29] local.ERROR: Attempt to read property "cover" on null (View: E:\pabwe-pkm-proyek-2024-k1\AdminPage\resources\views\app\beranda_information.blade.php) {"userId":1,"exception":"[object] (Illuminate\\View\\ViewException(code: 0): Attempt to read property \"cover\" on null (View: E:\\pabwe-pkm-proyek-2024-k1\\AdminPage\\resources\\views\\app\\beranda_information.blade.php) at E:\\pabwe-pkm-proyek-2024-k1\\AdminPage\\storage\\framework\\views\\06c8e4ebe47d0e3b38aef56d4edf6f2e.php:71)
[stacktrace]
#0 E:\\pabwe-pkm-proyek-2024-k1\\AdminPage\\vendor\\laravel\\framework\\src\\Illuminate\\View\\Engines\\PhpEngine.php(60): Illuminate\\View\\Engines\\CompilerEngine->handleViewException()
#1 E:\\pabwe-pkm-proyek-2024-k1\\AdminPage\\vendor\\laravel\\framework\\src\\Illuminate\\View\\Engines\\CompilerEngine.php(74): Illuminate\\View\\Engines\\PhpEngine->evaluatePath()
#2 E:\\pabwe-pkm-proyek-2024-k1\\AdminPage\\vendor\\laravel\\framework\\src\\Illuminate\\View\\View.php(208): Illuminate\\View\\Engines\\CompilerEngine->get()
#3 E:\\pabwe-pkm-proyek-2024-k1\\AdminPage\\vendor\\laravel\\framework\\src\\Illuminate\\View\\View.php(191): Illuminate\\View\\View->getContents()
#4 E:\\pabwe-pkm-proyek-2024-k1\\AdminPage\\vendor\\laravel\\framework\\src\\Illuminate\\View\\View.php(160): Illuminate\\View\\View->renderContents()
#5 E:\\pabwe-pkm-proyek-2024-k1\\AdminPage\\vendor\\laravel\\framework\\src\\Illuminate\\Http\\Response.php(70): Illuminate\\View\\View->render()
#6 E:\\pabwe-pkm-proyek-2024-k1\\AdminPage\\vendor\\laravel\\framework\\src\\Illuminate\\Http\\Response.php(35): Illuminate\\Http\\Response->setContent()
#7 E:\\pabwe-pkm-proyek-2024-k1\\AdminPage\\vendor\\laravel\\framework\\src\\Illuminate\\Routing\\Router.php(920): Illuminate\\Http\\Response->__construct()
#8 E:\\pabwe-pkm-proyek-2024-k1\\AdminPage\\vendor\\laravel\\framework\\src\\Illuminate\\Routing\\Router.php(887): Illuminate\\Routing\\Router::toResponse()
#9 E:\\pabwe-pkm-proyek-2024-k1\\AdminPage\\vendor\\laravel\\framework\\src\\Illuminate\\Routing\\Router.php(807): Illuminate\\Routing\\Router->prepareResponse()
#10 E:\\pabwe-pkm-proyek-2024-k1\\AdminPage\\vendor\\laravel\\framework\\src\\Illuminate\\Pipeline\\Pipeline.php(144): Illuminate\\Routing\\Router->Illuminate\\Routing\\{closure}()
#11 E:\\pabwe-pkm-proyek-2024-k1\\AdminPage\\app\\Http\\Middleware\\CheckRoles.php(16): Illuminate\\Pipeline\\Pipeline->Illuminate\\Pipeline\\{closure}()
#12 E:\\pabwe-pkm-proyek-2024-k1\\AdminPage\\vendor\\laravel\\framework\\src\\Illuminate\\Pipeline\\Pipeline.php(183): App\\Http\\Middleware\\CheckRoles->handle()
#13 E:\\pabwe-pkm-proyek-2024-k1\\AdminPage\\vendor\\laravel\\framework\\src\\Illuminate\\Routing\\Middleware\\SubstituteBindings.php(51): Illuminate\\Pipeline\\Pipeline->Illuminate\\Pipeline\\{closure}()
#14 E:\\pabwe-pkm-proyek-2024-k1\\AdminPage\\vendor\\laravel\\framework\\src\\Illuminate\\Pipeline\\Pipeline.php(183): Illuminate\\Routing\\Middleware\\SubstituteBindings->handle()
#15 E:\\pabwe-pkm-proyek-2024-k1\\AdminPage\\vendor\\laravel\\framework\\src\\Illuminate\\Auth\\Middleware\\Authenticate.php(64): Illuminate\\Pipeline\\Pipeline->Illuminate\\Pipeline\\{closure}()
#16 E:\\pabwe-pkm-proyek-2024-k1\\AdminPage\\vendor\\laravel\\framework\\src\\Illuminate\\Pipeline\\Pipeline.php(183): Illuminate\\Auth\\Middleware\\Authenticate->handle()
#17 E:\\pabwe-pkm-proyek-2024-k1\\AdminPage\\vendor\\laravel\\framework\\src\\Illuminate\\Foundation\\Http\\Middleware\\VerifyCsrfToken.php(88): Illuminate\\Pipeline\\Pipeline->Illuminate\\Pipeline\\{closure}()
#18 E:\\pabwe-pkm-proyek-2024-k1\\AdminPage\\vendor\\laravel\\framework\\src\\Illuminate\\Pipeline\\Pipeline.php(183): Illuminate\\Foundation\\Http\\Middleware\\VerifyCsrfToken->handle()
#19 E:\\pabwe-pkm-proyek-2024-k1\\AdminPage\\vendor\\laravel\\framework\\src\\Illuminate\\View\\Middleware\\ShareErrorsFromSession.php(49): Illuminate\\Pipeline\\Pipeline->Illuminate\\Pipeline\\{closure}()
#20 E:\\pabwe-pkm-proyek-2024-k1\\AdminPage\\vendor\\laravel\\framework\\src\\Illuminate\\Pipeline\\Pipeline.php(183): Illuminate\\View\\Middleware\\ShareErrorsFromSession->handle()
#21 E:\\pabwe-pkm-proyek-2024-k1\\AdminPage\\vendor\\laravel\\framework\\src\\Illuminate\\Session\\Middleware\\StartSession.php(121): Illuminate\\Pipeline\\Pipeline->Illuminate\\Pipeline\\{closure}()
#22 E:\\pabwe-pkm-proyek-2024-k1\\AdminPage\\vendor\\laravel\\framework\\src\\Illuminate\\Session\\Middleware\\StartSession.php(64): Illuminate\\Session\\Middleware\\StartSession->handleStatefulRequest()
#23 E:\\pabwe-pkm-proyek-2024-k1\\AdminPage\\vendor\\laravel\\framework\\src\\Illuminate\\Pipeline\\Pipeline.php(183): Illuminate\\Session\\Middleware\\StartSession->handle()
#24 E:\\pabwe-pkm-proyek-2024-k1\\AdminPage\\vendor\\laravel\\framework\\src\\Illuminate\\Cookie\\Middleware\\AddQueuedCookiesToResponse.php(37): Illuminate\\Pipeline\\Pipeline->Illuminate\\Pipeline\\{closure}()
#25 E:\\pabwe-pkm-proyek-2024-k1\\AdminPage\\vendor\\laravel\\framework\\src\\Illuminate\\Pipeline\\Pipeline.php(183): Illuminate\\Cookie\\Middleware\\AddQueuedCookiesToResponse->handle()
#26 E:\\pabwe-pkm-proyek-2024-k1\\AdminPage\\vendor\\laravel\\framework\\src\\Illuminate\\Cookie\\Middleware\\EncryptCookies.php(75): Illuminate\\Pipeline\\Pipeline->Illuminate\\Pipeline\\{closure}()
#27 E:\\pabwe-pkm-proyek-2024-k1\\AdminPage\\vendor\\laravel\\framework\\src\\Illuminate\\Pipeline\\Pipeline.php(183): Illuminate\\Cookie\\Middleware\\EncryptCookies->handle()
#28 E:\\pabwe-pkm-proyek-2024-k1\\AdminPage\\vendor\\laravel\\framework\\src\\Illuminate\\Pipeline\\Pipeline.php(119): Illuminate\\Pipeline\\Pipeline->Illuminate\\Pipeline\\{closure}()
#29 E:\\pabwe-pkm-proyek-2024-k1\\AdminPage\\vendor\\laravel\\framework\\src\\Illuminate\\Routing\\Router.php(807): Illuminate\\Pipeline\\Pipeline->then()
#30 E:\\pabwe-pkm-proyek-2024-k1\\AdminPage\\vendor\\laravel\\framework\\src\\Illuminate\\Routing\\Router.php(786): Illuminate\\Routing\\Router->runRouteWithinStack()
#31 E:\\pabwe-pkm-proyek-2024-k1\\AdminPage\\vendor\\laravel\\framework\\src\\Illuminate\\Routing\\Router.php(750): Illuminate\\Routing\\Router->runRoute()
#32 E:\\pabwe-pkm-proyek-2024-k1\\AdminPage\\vendor\\laravel\\framework\\src\\Illuminate\\Routing\\Router.php(739): Illuminate\\Routing\\Router->dispatchToRoute()
#33 E:\\pabwe-pkm-proyek-2024-k1\\AdminPage\\vendor\\laravel\\framework\\src\\Illuminate\\Foundation\\Http\\Kernel.php(201): Illuminate\\Routing\\Router->dispatch()
#34 E:\\pabwe-pkm-proyek-2024-k1\\AdminPage\\vendor\\laravel\\framework\\src\\Illuminate\\Pipeline\\Pipeline.php(144): Illuminate\\Foundation\\Http\\Kernel->Illuminate\\Foundation\\Http\\{closure}()
#35 E:\\pabwe-pkm-proyek-2024-k1\\AdminPage\\vendor\\laravel\\framework\\src\\Illuminate\\Foundation\\Http\\Middleware\\TransformsRequest.php(21): Illuminate\\Pipeline\\Pipeline->Illuminate\\Pipeline\\{closure}()
#36 E:\\pabwe-pkm-proyek-2024-k1\\AdminPage\\vendor\\laravel\\framework\\src\\Illuminate\\Foundation\\Http\\Middleware\\ConvertEmptyStringsToNull.php(31): Illuminate\\Foundation\\Http\\Middleware\\TransformsRequest->handle()
#37 E:\\pabwe-pkm-proyek-2024-k1\\AdminPage\\vendor\\laravel\\framework\\src\\Illuminate\\Pipeline\\Pipeline.php(183): Illuminate\\Foundation\\Http\\Middleware\\ConvertEmptyStringsToNull->handle()
#38 E:\\pabwe-pkm-proyek-2024-k1\\AdminPage\\vendor\\laravel\\framework\\src\\Illuminate\\Foundation\\Http\\Middleware\\TransformsRequest.php(21): Illuminate\\Pipeline\\Pipeline->Illuminate\\Pipeline\\{closure}()
#39 E:\\pabwe-pkm-proyek-2024-k1\\AdminPage\\vendor\\laravel\\framework\\src\\Illuminate\\Foundation\\Http\\Middleware\\TrimStrings.php(51): Illuminate\\Foundation\\Http\\Middleware\\TransformsRequest->handle()
#40 E:\\pabwe-pkm-proyek-2024-k1\\AdminPage\\vendor\\laravel\\framework\\src\\Illuminate\\Pipeline\\Pipeline.php(183): Illuminate\\Foundation\\Http\\Middleware\\TrimStrings->handle()
#41 E:\\pabwe-pkm-proyek-2024-k1\\AdminPage\\vendor\\laravel\\framework\\src\\Illuminate\\Http\\Middleware\\ValidatePostSize.php(27): Illuminate\\Pipeline\\Pipeline->Illuminate\\Pipeline\\{closure}()
#42 E:\\pabwe-pkm-proyek-2024-k1\\AdminPage\\vendor\\laravel\\framework\\src\\Illuminate\\Pipeline\\Pipeline.php(183): Illuminate\\Http\\Middleware\\ValidatePostSize->handle()
#43 E:\\pabwe-pkm-proyek-2024-k1\\AdminPage\\vendor\\laravel\\framework\\src\\Illuminate\\Foundation\\Http\\Middleware\\PreventRequestsDuringMaintenance.php(110): Illuminate\\Pipeline\\Pipeline->Illuminate\\Pipeline\\{closure}()
#44 E:\\pabwe-pkm-proyek-2024-k1\\AdminPage\\vendor\\laravel\\framework\\src\\Illuminate\\Pipeline\\Pipeline.php(183): Illuminate\\Foundation\\Http\\Middleware\\PreventRequestsDuringMaintenance->handle()
#45 E:\\pabwe-pkm-proyek-2024-k1\\AdminPage\\vendor\\laravel\\framework\\src\\Illuminate\\Http\\Middleware\\HandleCors.php(49): Illuminate\\Pipeline\\Pipeline->Illuminate\\Pipeline\\{closure}()
#46 E:\\pabwe-pkm-proyek-2024-k1\\AdminPage\\vendor\\laravel\\framework\\src\\Illuminate\\Pipeline\\Pipeline.php(183): Illuminate\\Http\\Middleware\\HandleCors->handle()
#47 E:\\pabwe-pkm-proyek-2024-k1\\AdminPage\\vendor\\laravel\\framework\\src\\Illuminate\\Http\\Middleware\\TrustProxies.php(58): Illuminate\\Pipeline\\Pipeline->Illuminate\\Pipeline\\{closure}()
#48 E:\\pabwe-pkm-proyek-2024-k1\\AdminPage\\vendor\\laravel\\framework\\src\\Illuminate\\Pipeline\\Pipeline.php(183): Illuminate\\Http\\Middleware\\TrustProxies->handle()
#49 E:\\pabwe-pkm-proyek-2024-k1\\AdminPage\\vendor\\laravel\\framework\\src\\Illuminate\\Foundation\\Http\\Middleware\\InvokeDeferredCallbacks.php(22): Illuminate\\Pipeline\\Pipeline->Illuminate\\Pipeline\\{closure}()
#50 E:\\pabwe-pkm-proyek-2024-k1\\AdminPage\\vendor\\laravel\\framework\\src\\Illuminate\\Pipeline\\Pipeline.php(183): Illuminate\\Foundation\\Http\\Middleware\\InvokeDeferredCallbacks->handle()
#51 E:\\pabwe-pkm-proyek-2024-k1\\AdminPage\\vendor\\laravel\\framework\\src\\Illuminate\\Pipeline\\Pipeline.php(119): Illuminate\\Pipeline\\Pipeline->Illuminate\\Pipeline\\{closure}()
#52 E:\\pabwe-pkm-proyek-2024-k1\\AdminPage\\vendor\\laravel\\framework\\src\\Illuminate\\Foundation\\Http\\Kernel.php(176): Illuminate\\Pipeline\\Pipeline->then()
#53 E:\\pabwe-pkm-proyek-2024-k1\\AdminPage\\vendor\\laravel\\framework\\src\\Illuminate\\Foundation\\Http\\Kernel.php(145): Illuminate\\Foundation\\Http\\Kernel->sendRequestThroughRouter()
#54 E:\\pabwe-pkm-proyek-2024-k1\\AdminPage\\vendor\\laravel\\framework\\src\\Illuminate\\Foundation\\Application.php(1188): Illuminate\\Foundation\\Http\\Kernel->handle()
#55 E:\\pabwe-pkm-proyek-2024-k1\\AdminPage\\public\\index.php(17): Illuminate\\Foundation\\Application->handleRequest()
#56 E:\\pabwe-pkm-proyek-2024-k1\\AdminPage\\vendor\\laravel\\framework\\src\\Illuminate\\Foundation\\resources\\server.php(23): require_once('...')
#57 {main}

[previous exception] [object] (ErrorException(code: 0): Attempt to read property \"cover\" on null at E:\\pabwe-pkm-proyek-2024-k1\\AdminPage\\storage\\framework\\views\\06c8e4ebe47d0e3b38aef56d4edf6f2e.php:71)
[stacktrace]
#0 E:\\pabwe-pkm-proyek-2024-k1\\AdminPage\\vendor\\laravel\\framework\\src\\Illuminate\\Foundation\\Bootstrap\\HandleExceptions.php(256): Illuminate\\Foundation\\Bootstrap\\HandleExceptions->handleError()
#1 E:\\pabwe-pkm-proyek-2024-k1\\AdminPage\\storage\\framework\\views\\06c8e4ebe47d0e3b38aef56d4edf6f2e.php(71): Illuminate\\Foundation\\Bootstrap\\HandleExceptions->Illuminate\\Foundation\\Bootstrap\\{closure}()
#2 E:\\pabwe-pkm-proyek-2024-k1\\AdminPage\\vendor\\laravel\\framework\\src\\Illuminate\\Filesystem\\Filesystem.php(123): require('...')
#3 E:\\pabwe-pkm-proyek-2024-k1\\AdminPage\\vendor\\laravel\\framework\\src\\Illuminate\\Filesystem\\Filesystem.php(124): Illuminate\\Filesystem\\Filesystem::Illuminate\\Filesystem\\{closure}()
#4 E:\\pabwe-pkm-proyek-2024-k1\\AdminPage\\vendor\\laravel\\framework\\src\\Illuminate\\View\\Engines\\PhpEngine.php(58): Illuminate\\Filesystem\\Filesystem->getRequire()
#5 E:\\pabwe-pkm-proyek-2024-k1\\AdminPage\\vendor\\laravel\\framework\\src\\Illuminate\\View\\Engines\\CompilerEngine.php(74): Illuminate\\View\\Engines\\PhpEngine->evaluatePath()
#6 E:\\pabwe-pkm-proyek-2024-k1\\AdminPage\\vendor\\laravel\\framework\\src\\Illuminate\\View\\View.php(208): Illuminate\\View\\Engines\\CompilerEngine->get()
#7 E:\\pabwe-pkm-proyek-2024-k1\\AdminPage\\vendor\\laravel\\framework\\src\\Illuminate\\View\\View.php(191): Illuminate\\View\\View->getContents()
#8 E:\\pabwe-pkm-proyek-2024-k1\\AdminPage\\vendor\\laravel\\framework\\src\\Illuminate\\View\\View.php(160): Illuminate\\View\\View->renderContents()
#9 E:\\pabwe-pkm-proyek-2024-k1\\AdminPage\\vendor\\laravel\\framework\\src\\Illuminate\\Http\\Response.php(70): Illuminate\\View\\View->render()
#10 E:\\pabwe-pkm-proyek-2024-k1\\AdminPage\\vendor\\laravel\\framework\\src\\Illuminate\\Http\\Response.php(35): Illuminate\\Http\\Response->setContent()
#11 E:\\pabwe-pkm-proyek-2024-k1\\AdminPage\\vendor\\laravel\\framework\\src\\Illuminate\\Routing\\Router.php(920): Illuminate\\Http\\Response->__construct()
#12 E:\\pabwe-pkm-proyek-2024-k1\\AdminPage\\vendor\\laravel\\framework\\src\\Illuminate\\Routing\\Router.php(887): Illuminate\\Routing\\Router::toResponse()
#13 E:\\pabwe-pkm-proyek-2024-k1\\AdminPage\\vendor\\laravel\\framework\\src\\Illuminate\\Routing\\Router.php(807): Illuminate\\Routing\\Router->prepareResponse()
#14 E:\\pabwe-pkm-proyek-2024-k1\\AdminPage\\vendor\\laravel\\framework\\src\\Illuminate\\Pipeline\\Pipeline.php(144): Illuminate\\Routing\\Router->Illuminate\\Routing\\{closure}()
#15 E:\\pabwe-pkm-proyek-2024-k1\\AdminPage\\app\\Http\\Middleware\\CheckRoles.php(16): Illuminate\\Pipeline\\Pipeline->Illuminate\\Pipeline\\{closure}()
#16 E:\\pabwe-pkm-proyek-2024-k1\\AdminPage\\vendor\\laravel\\framework\\src\\Illuminate\\Pipeline\\Pipeline.php(183): App\\Http\\Middleware\\CheckRoles->handle()
#17 E:\\pabwe-pkm-proyek-2024-k1\\AdminPage\\vendor\\laravel\\framework\\src\\Illuminate\\Routing\\Middleware\\SubstituteBindings.php(51): Illuminate\\Pipeline\\Pipeline->Illuminate\\Pipeline\\{closure}()
#18 E:\\pabwe-pkm-proyek-2024-k1\\AdminPage\\vendor\\laravel\\framework\\src\\Illuminate\\Pipeline\\Pipeline.php(183): Illuminate\\Routing\\Middleware\\SubstituteBindings->handle()
#19 E:\\pabwe-pkm-proyek-2024-k1\\AdminPage\\vendor\\laravel\\framework\\src\\Illuminate\\Auth\\Middleware\\Authenticate.php(64): Illuminate\\Pipeline\\Pipeline->Illuminate\\Pipeline\\{closure}()
#20 E:\\pabwe-pkm-proyek-2024-k1\\AdminPage\\vendor\\laravel\\framework\\src\\Illuminate\\Pipeline\\Pipeline.php(183): Illuminate\\Auth\\Middleware\\Authenticate->handle()
#21 E:\\pabwe-pkm-proyek-2024-k1\\AdminPage\\vendor\\laravel\\framework\\src\\Illuminate\\Foundation\\Http\\Middleware\\VerifyCsrfToken.php(88): Illuminate\\Pipeline\\Pipeline->Illuminate\\Pipeline\\{closure}()
#22 E:\\pabwe-pkm-proyek-2024-k1\\AdminPage\\vendor\\laravel\\framework\\src\\Illuminate\\Pipeline\\Pipeline.php(183): Illuminate\\Foundation\\Http\\Middleware\\VerifyCsrfToken->handle()
#23 E:\\pabwe-pkm-proyek-2024-k1\\AdminPage\\vendor\\laravel\\framework\\src\\Illuminate\\View\\Middleware\\ShareErrorsFromSession.php(49): Illuminate\\Pipeline\\Pipeline->Illuminate\\Pipeline\\{closure}()
#24 E:\\pabwe-pkm-proyek-2024-k1\\AdminPage\\vendor\\laravel\\framework\\src\\Illuminate\\Pipeline\\Pipeline.php(183): Illuminate\\View\\Middleware\\ShareErrorsFromSession->handle()
#25 E:\\pabwe-pkm-proyek-2024-k1\\AdminPage\\vendor\\laravel\\framework\\src\\Illuminate\\Session\\Middleware\\StartSession.php(121): Illuminate\\Pipeline\\Pipeline->Illuminate\\Pipeline\\{closure}()
#26 E:\\pabwe-pkm-proyek-2024-k1\\AdminPage\\vendor\\laravel\\framework\\src\\Illuminate\\Session\\Middleware\\StartSession.php(64): Illuminate\\Session\\Middleware\\StartSession->handleStatefulRequest()
#27 E:\\pabwe-pkm-proyek-2024-k1\\AdminPage\\vendor\\laravel\\framework\\src\\Illuminate\\Pipeline\\Pipeline.php(183): Illuminate\\Session\\Middleware\\StartSession->handle()
#28 E:\\pabwe-pkm-proyek-2024-k1\\AdminPage\\vendor\\laravel\\framework\\src\\Illuminate\\Cookie\\Middleware\\AddQueuedCookiesToResponse.php(37): Illuminate\\Pipeline\\Pipeline->Illuminate\\Pipeline\\{closure}()
#29 E:\\pabwe-pkm-proyek-2024-k1\\AdminPage\\vendor\\laravel\\framework\\src\\Illuminate\\Pipeline\\Pipeline.php(183): Illuminate\\Cookie\\Middleware\\AddQueuedCookiesToResponse->handle()
#30 E:\\pabwe-pkm-proyek-2024-k1\\AdminPage\\vendor\\laravel\\framework\\src\\Illuminate\\Cookie\\Middleware\\EncryptCookies.php(75): Illuminate\\Pipeline\\Pipeline->Illuminate\\Pipeline\\{closure}()
#31 E:\\pabwe-pkm-proyek-2024-k1\\AdminPage\\vendor\\laravel\\framework\\src\\Illuminate\\Pipeline\\Pipeline.php(183): Illuminate\\Cookie\\Middleware\\EncryptCookies->handle()
#32 E:\\pabwe-pkm-proyek-2024-k1\\AdminPage\\vendor\\laravel\\framework\\src\\Illuminate\\Pipeline\\Pipeline.php(119): Illuminate\\Pipeline\\Pipeline->Illuminate\\Pipeline\\{closure}()
#33 E:\\pabwe-pkm-proyek-2024-k1\\AdminPage\\vendor\\laravel\\framework\\src\\Illuminate\\Routing\\Router.php(807): Illuminate\\Pipeline\\Pipeline->then()
#34 E:\\pabwe-pkm-proyek-2024-k1\\AdminPage\\vendor\\laravel\\framework\\src\\Illuminate\\Routing\\Router.php(786): Illuminate\\Routing\\Router->runRouteWithinStack()
#35 E:\\pabwe-pkm-proyek-2024-k1\\AdminPage\\vendor\\laravel\\framework\\src\\Illuminate\\Routing\\Router.php(750): Illuminate\\Routing\\Router->runRoute()
#36 E:\\pabwe-pkm-proyek-2024-k1\\AdminPage\\vendor\\laravel\\framework\\src\\Illuminate\\Routing\\Router.php(739): Illuminate\\Routing\\Router->dispatchToRoute()
#37 E:\\pabwe-pkm-proyek-2024-k1\\AdminPage\\vendor\\laravel\\framework\\src\\Illuminate\\Foundation\\Http\\Kernel.php(201): Illuminate\\Routing\\Router->dispatch()
#38 E:\\pabwe-pkm-proyek-2024-k1\\AdminPage\\vendor\\laravel\\framework\\src\\Illuminate\\Pipeline\\Pipeline.php(144): Illuminate\\Foundation\\Http\\Kernel->Illuminate\\Foundation\\Http\\{closure}()
#39 E:\\pabwe-pkm-proyek-2024-k1\\AdminPage\\vendor\\laravel\\framework\\src\\Illuminate\\Foundation\\Http\\Middleware\\TransformsRequest.php(21): Illuminate\\Pipeline\\Pipeline->Illuminate\\Pipeline\\{closure}()
#40 E:\\pabwe-pkm-proyek-2024-k1\\AdminPage\\vendor\\laravel\\framework\\src\\Illuminate\\Foundation\\Http\\Middleware\\ConvertEmptyStringsToNull.php(31): Illuminate\\Foundation\\Http\\Middleware\\TransformsRequest->handle()
#41 E:\\pabwe-pkm-proyek-2024-k1\\AdminPage\\vendor\\laravel\\framework\\src\\Illuminate\\Pipeline\\Pipeline.php(183): Illuminate\\Foundation\\Http\\Middleware\\ConvertEmptyStringsToNull->handle()
#42 E:\\pabwe-pkm-proyek-2024-k1\\AdminPage\\vendor\\laravel\\framework\\src\\Illuminate\\Foundation\\Http\\Middleware\\TransformsRequest.php(21): Illuminate\\Pipeline\\Pipeline->Illuminate\\Pipeline\\{closure}()
#43 E:\\pabwe-pkm-proyek-2024-k1\\AdminPage\\vendor\\laravel\\framework\\src\\Illuminate\\Foundation\\Http\\Middleware\\TrimStrings.php(51): Illuminate\\Foundation\\Http\\Middleware\\TransformsRequest->handle()
#44 E:\\pabwe-pkm-proyek-2024-k1\\AdminPage\\vendor\\laravel\\framework\\src\\Illuminate\\Pipeline\\Pipeline.php(183): Illuminate\\Foundation\\Http\\Middleware\\TrimStrings->handle()
#45 E:\\pabwe-pkm-proyek-2024-k1\\AdminPage\\vendor\\laravel\\framework\\src\\Illuminate\\Http\\Middleware\\ValidatePostSize.php(27): Illuminate\\Pipeline\\Pipeline->Illuminate\\Pipeline\\{closure}()
#46 E:\\pabwe-pkm-proyek-2024-k1\\AdminPage\\vendor\\laravel\\framework\\src\\Illuminate\\Pipeline\\Pipeline.php(183): Illuminate\\Http\\Middleware\\ValidatePostSize->handle()
#47 E:\\pabwe-pkm-proyek-2024-k1\\AdminPage\\vendor\\laravel\\framework\\src\\Illuminate\\Foundation\\Http\\Middleware\\PreventRequestsDuringMaintenance.php(110): Illuminate\\Pipeline\\Pipeline->Illuminate\\Pipeline\\{closure}()
#48 E:\\pabwe-pkm-proyek-2024-k1\\AdminPage\\vendor\\laravel\\framework\\src\\Illuminate\\Pipeline\\Pipeline.php(183): Illuminate\\Foundation\\Http\\Middleware\\PreventRequestsDuringMaintenance->handle()
#49 E:\\pabwe-pkm-proyek-2024-k1\\AdminPage\\vendor\\laravel\\framework\\src\\Illuminate\\Http\\Middleware\\HandleCors.php(49): Illuminate\\Pipeline\\Pipeline->Illuminate\\Pipeline\\{closure}()
#50 E:\\pabwe-pkm-proyek-2024-k1\\AdminPage\\vendor\\laravel\\framework\\src\\Illuminate\\Pipeline\\Pipeline.php(183): Illuminate\\Http\\Middleware\\HandleCors->handle()
#51 E:\\pabwe-pkm-proyek-2024-k1\\AdminPage\\vendor\\laravel\\framework\\src\\Illuminate\\Http\\Middleware\\TrustProxies.php(58): Illuminate\\Pipeline\\Pipeline->Illuminate\\Pipeline\\{closure}()
#52 E:\\pabwe-pkm-proyek-2024-k1\\AdminPage\\vendor\\laravel\\framework\\src\\Illuminate\\Pipeline\\Pipeline.php(183): Illuminate\\Http\\Middleware\\TrustProxies->handle()
#53 E:\\pabwe-pkm-proyek-2024-k1\\AdminPage\\vendor\\laravel\\framework\\src\\Illuminate\\Foundation\\Http\\Middleware\\InvokeDeferredCallbacks.php(22): Illuminate\\Pipeline\\Pipeline->Illuminate\\Pipeline\\{closure}()
#54 E:\\pabwe-pkm-proyek-2024-k1\\AdminPage\\vendor\\laravel\\framework\\src\\Illuminate\\Pipeline\\Pipeline.php(183): Illuminate\\Foundation\\Http\\Middleware\\InvokeDeferredCallbacks->handle()
#55 E:\\pabwe-pkm-proyek-2024-k1\\AdminPage\\vendor\\laravel\\framework\\src\\Illuminate\\Pipeline\\Pipeline.php(119): Illuminate\\Pipeline\\Pipeline->Illuminate\\Pipeline\\{closure}()
#56 E:\\pabwe-pkm-proyek-2024-k1\\AdminPage\\vendor\\laravel\\framework\\src\\Illuminate\\Foundation\\Http\\Kernel.php(176): Illuminate\\Pipeline\\Pipeline->then()
#57 E:\\pabwe-pkm-proyek-2024-k1\\AdminPage\\vendor\\laravel\\framework\\src\\Illuminate\\Foundation\\Http\\Kernel.php(145): Illuminate\\Foundation\\Http\\Kernel->sendRequestThroughRouter()
#58 E:\\pabwe-pkm-proyek-2024-k1\\AdminPage\\vendor\\laravel\\framework\\src\\Illuminate\\Foundation\\Application.php(1188): Illuminate\\Foundation\\Http\\Kernel->handle()
#59 E:\\pabwe-pkm-proyek-2024-k1\\AdminPage\\public\\index.php(17): Illuminate\\Foundation\\Application->handleRequest()
#60 E:\\pabwe-pkm-proyek-2024-k1\\AdminPage\\vendor\\laravel\\framework\\src\\Illuminate\\Foundation\\resources\\server.php(23): require_once('...')
#61 {main}
"} 
[2024-11-16 00:45:06] local.ERROR: filemtime(): stat failed for E:\pabwe-pkm-proyek-2024-k1\AdminPage\.env {"exception":"[object] (ErrorException(code: 0): filemtime(): stat failed for E:\\pabwe-pkm-proyek-2024-k1\\AdminPage\\.env at E:\\pabwe-pkm-proyek-2024-k1\\AdminPage\\vendor\\laravel\\framework\\src\\Illuminate\\Foundation\\Console\\ServeCommand.php:112)
[stacktrace]
#0 E:\\pabwe-pkm-proyek-2024-k1\\AdminPage\\vendor\\laravel\\framework\\src\\Illuminate\\Foundation\\Bootstrap\\HandleExceptions.php(256): Illuminate\\Foundation\\Bootstrap\\HandleExceptions->handleError()
#1 [internal function]: Illuminate\\Foundation\\Bootstrap\\HandleExceptions->Illuminate\\Foundation\\Bootstrap\\{closure}()
#2 E:\\pabwe-pkm-proyek-2024-k1\\AdminPage\\vendor\\laravel\\framework\\src\\Illuminate\\Foundation\\Console\\ServeCommand.php(112): filemtime()
#3 E:\\pabwe-pkm-proyek-2024-k1\\AdminPage\\vendor\\laravel\\framework\\src\\Illuminate\\Container\\BoundMethod.php(36): Illuminate\\Foundation\\Console\\ServeCommand->handle()
#4 E:\\pabwe-pkm-proyek-2024-k1\\AdminPage\\vendor\\laravel\\framework\\src\\Illuminate\\Container\\Util.php(43): Illuminate\\Container\\BoundMethod::Illuminate\\Container\\{closure}()
#5 E:\\pabwe-pkm-proyek-2024-k1\\AdminPage\\vendor\\laravel\\framework\\src\\Illuminate\\Container\\BoundMethod.php(95): Illuminate\\Container\\Util::unwrapIfClosure()
#6 E:\\pabwe-pkm-proyek-2024-k1\\AdminPage\\vendor\\laravel\\framework\\src\\Illuminate\\Container\\BoundMethod.php(35): Illuminate\\Container\\BoundMethod::callBoundMethod()
#7 E:\\pabwe-pkm-proyek-2024-k1\\AdminPage\\vendor\\laravel\\framework\\src\\Illuminate\\Container\\Container.php(690): Illuminate\\Container\\BoundMethod::call()
#8 E:\\pabwe-pkm-proyek-2024-k1\\AdminPage\\vendor\\laravel\\framework\\src\\Illuminate\\Console\\Command.php(213): Illuminate\\Container\\Container->call()
#9 E:\\pabwe-pkm-proyek-2024-k1\\AdminPage\\vendor\\symfony\\console\\Command\\Command.php(279): Illuminate\\Console\\Command->execute()
#10 E:\\pabwe-pkm-proyek-2024-k1\\AdminPage\\vendor\\laravel\\framework\\src\\Illuminate\\Console\\Command.php(182): Symfony\\Component\\Console\\Command\\Command->run()
#11 E:\\pabwe-pkm-proyek-2024-k1\\AdminPage\\vendor\\symfony\\console\\Application.php(1047): Illuminate\\Console\\Command->run()
#12 E:\\pabwe-pkm-proyek-2024-k1\\AdminPage\\vendor\\symfony\\console\\Application.php(316): Symfony\\Component\\Console\\Application->doRunCommand()
#13 E:\\pabwe-pkm-proyek-2024-k1\\AdminPage\\vendor\\symfony\\console\\Application.php(167): Symfony\\Component\\Console\\Application->doRun()
#14 E:\\pabwe-pkm-proyek-2024-k1\\AdminPage\\vendor\\laravel\\framework\\src\\Illuminate\\Foundation\\Console\\Kernel.php(197): Symfony\\Component\\Console\\Application->run()
#15 E:\\pabwe-pkm-proyek-2024-k1\\AdminPage\\vendor\\laravel\\framework\\src\\Illuminate\\Foundation\\Application.php(1203): Illuminate\\Foundation\\Console\\Kernel->handle()
#16 E:\\pabwe-pkm-proyek-2024-k1\\AdminPage\\artisan(13): Illuminate\\Foundation\\Application->handleCommand()
#17 {main}
"} 
